2025-04-16 14:27:43 [[31merror[39m]: E:\learn-code\backend-pos\models\DashboardStats.js:70
        totalSales: await mongoose.model('Order').aggregate([...]),
                                                                ^

SyntaxError: Unexpected token ']'
    at internalCompileFunction (node:internal/vm:128:18)
    at wrapSafe (node:internal/modules/cjs/loader:1280:20)
    at Module._compile (node:internal/modules/cjs/loader:1332:27)
    at Module._extensions..js (node:internal/modules/cjs/loader:1427:10)
    at Module.load (node:internal/modules/cjs/loader:1206:32)
    at Module._load (node:internal/modules/cjs/loader:1022:12)
    at Module.require (node:internal/modules/cjs/loader:1231:19)
    at require (node:internal/modules/helpers:179:18)
    at Object.<anonymous> (E:\learn-code\backend-pos\services\dashboardService.js:2:24)
    at Module._compile (node:internal/modules/cjs/loader:1369:14)
2025-04-16 14:28:36 [[31merror[39m]: E:\learn-code\backend-pos\models\DashboardStats.js:70
        totalSales: await mongoose.model('Order').aggregate([...]),
                                                                ^

SyntaxError: Unexpected token ']'
    at internalCompileFunction (node:internal/vm:128:18)
    at wrapSafe (node:internal/modules/cjs/loader:1280:20)
    at Module._compile (node:internal/modules/cjs/loader:1332:27)
    at Module._extensions..js (node:internal/modules/cjs/loader:1427:10)
    at Module.load (node:internal/modules/cjs/loader:1206:32)
    at Module._load (node:internal/modules/cjs/loader:1022:12)
    at Module.require (node:internal/modules/cjs/loader:1231:19)
    at require (node:internal/modules/helpers:179:18)
    at Object.<anonymous> (E:\learn-code\backend-pos\services\dashboardService.js:2:24)
    at Module._compile (node:internal/modules/cjs/loader:1369:14)
2025-04-16 14:28:55 [[31merror[39m]: E:\learn-code\backend-pos\models\DashboardStats.js:70
        totalSales: await mongoose.model('Order').aggregate([...]),
                                                                ^

SyntaxError: Unexpected token ']'
    at internalCompileFunction (node:internal/vm:128:18)
    at wrapSafe (node:internal/modules/cjs/loader:1280:20)
    at Module._compile (node:internal/modules/cjs/loader:1332:27)
    at Module._extensions..js (node:internal/modules/cjs/loader:1427:10)
    at Module.load (node:internal/modules/cjs/loader:1206:32)
    at Module._load (node:internal/modules/cjs/loader:1022:12)
    at Module.require (node:internal/modules/cjs/loader:1231:19)
    at require (node:internal/modules/helpers:179:18)
    at Object.<anonymous> (E:\learn-code\backend-pos\services\dashboardService.js:2:24)
    at Module._compile (node:internal/modules/cjs/loader:1369:14)
2025-04-16 16:18:57 [[31merror[39m]: E:\learn-code\backend-pos\models\DashboardStats.js:70
        totalSales: await mongoose.model('Order').aggregate([...]),
                                                                ^

SyntaxError: Unexpected token ']'
    at internalCompileFunction (node:internal/vm:128:18)
    at wrapSafe (node:internal/modules/cjs/loader:1280:20)
    at Module._compile (node:internal/modules/cjs/loader:1332:27)
    at Module._extensions..js (node:internal/modules/cjs/loader:1427:10)
    at Module.load (node:internal/modules/cjs/loader:1206:32)
    at Module._load (node:internal/modules/cjs/loader:1022:12)
    at Module.require (node:internal/modules/cjs/loader:1231:19)
    at require (node:internal/modules/helpers:179:18)
    at Object.<anonymous> (E:\learn-code\backend-pos\services\dashboardService.js:2:24)
    at Module._compile (node:internal/modules/cjs/loader:1369:14)
2025-04-16 16:20:07 [[31merror[39m]: E:\learn-code\backend-pos\models\DashboardStats.js:70
        totalSales: await mongoose.model('Order').aggregate([...]),
                                                                ^

SyntaxError: Unexpected token ']'
    at internalCompileFunction (node:internal/vm:128:18)
    at wrapSafe (node:internal/modules/cjs/loader:1280:20)
    at Module._compile (node:internal/modules/cjs/loader:1332:27)
    at Module._extensions..js (node:internal/modules/cjs/loader:1427:10)
    at Module.load (node:internal/modules/cjs/loader:1206:32)
    at Module._load (node:internal/modules/cjs/loader:1022:12)
    at Module.require (node:internal/modules/cjs/loader:1231:19)
    at require (node:internal/modules/helpers:179:18)
    at Object.<anonymous> (E:\learn-code\backend-pos\services\dashboardService.js:2:24)
    at Module._compile (node:internal/modules/cjs/loader:1369:14)
2025-04-16 16:20:14 [[31merror[39m]: E:\learn-code\backend-pos\models\DashboardStats.js:70
        totalSales: await mongoose.model('Order').aggregate([...]),
                                                                ^

SyntaxError: Unexpected token ']'
    at internalCompileFunction (node:internal/vm:128:18)
    at wrapSafe (node:internal/modules/cjs/loader:1280:20)
    at Module._compile (node:internal/modules/cjs/loader:1332:27)
    at Module._extensions..js (node:internal/modules/cjs/loader:1427:10)
    at Module.load (node:internal/modules/cjs/loader:1206:32)
    at Module._load (node:internal/modules/cjs/loader:1022:12)
    at Module.require (node:internal/modules/cjs/loader:1231:19)
    at require (node:internal/modules/helpers:179:18)
    at Object.<anonymous> (E:\learn-code\backend-pos\services\dashboardService.js:2:24)
    at Module._compile (node:internal/modules/cjs/loader:1369:14)
2025-04-16 16:22:26 [[31merror[39m]: E:\learn-code\backend-pos\models\DashboardStats.js:70
        totalSales: await mongoose.model('Order').aggregate([...]),
                                                                ^

SyntaxError: Unexpected token ']'
    at internalCompileFunction (node:internal/vm:128:18)
    at wrapSafe (node:internal/modules/cjs/loader:1280:20)
    at Module._compile (node:internal/modules/cjs/loader:1332:27)
    at Module._extensions..js (node:internal/modules/cjs/loader:1427:10)
    at Module.load (node:internal/modules/cjs/loader:1206:32)
    at Module._load (node:internal/modules/cjs/loader:1022:12)
    at Module.require (node:internal/modules/cjs/loader:1231:19)
    at require (node:internal/modules/helpers:179:18)
    at Object.<anonymous> (E:\learn-code\backend-pos\services\dashboardService.js:2:24)
    at Module._compile (node:internal/modules/cjs/loader:1369:14)
2025-04-16 16:37:46 [[31merror[39m]: E:\learn-code\backend-pos\models\DashboardStats.js:70
        totalSales: await mongoose.model('Order').aggregate([...]),
                                                                ^

SyntaxError: Unexpected token ']'
    at internalCompileFunction (node:internal/vm:128:18)
    at wrapSafe (node:internal/modules/cjs/loader:1280:20)
    at Module._compile (node:internal/modules/cjs/loader:1332:27)
    at Module._extensions..js (node:internal/modules/cjs/loader:1427:10)
    at Module.load (node:internal/modules/cjs/loader:1206:32)
    at Module._load (node:internal/modules/cjs/loader:1022:12)
    at Module.require (node:internal/modules/cjs/loader:1231:19)
    at require (node:internal/modules/helpers:179:18)
    at Object.<anonymous> (E:\learn-code\backend-pos\services\dashboardService.js:2:24)
    at Module._compile (node:internal/modules/cjs/loader:1369:14)
2025-04-16 16:37:50 [[31merror[39m]: E:\learn-code\backend-pos\models\DashboardStats.js:70
        totalSales: await mongoose.model('Order').aggregate([...]),
                                                                ^

SyntaxError: Unexpected token ']'
    at internalCompileFunction (node:internal/vm:128:18)
    at wrapSafe (node:internal/modules/cjs/loader:1280:20)
    at Module._compile (node:internal/modules/cjs/loader:1332:27)
    at Module._extensions..js (node:internal/modules/cjs/loader:1427:10)
    at Module.load (node:internal/modules/cjs/loader:1206:32)
    at Module._load (node:internal/modules/cjs/loader:1022:12)
    at Module.require (node:internal/modules/cjs/loader:1231:19)
    at require (node:internal/modules/helpers:179:18)
    at Object.<anonymous> (E:\learn-code\backend-pos\services\dashboardService.js:2:24)
    at Module._compile (node:internal/modules/cjs/loader:1369:14)
2025-04-16 16:38:46 [[31merror[39m]: E:\learn-code\backend-pos\models\DashboardStats.js:70
        totalSales: await mongoose.model('Order').aggregate([...]),
                                                                ^

SyntaxError: Unexpected token ']'
    at internalCompileFunction (node:internal/vm:128:18)
    at wrapSafe (node:internal/modules/cjs/loader:1280:20)
    at Module._compile (node:internal/modules/cjs/loader:1332:27)
    at Module._extensions..js (node:internal/modules/cjs/loader:1427:10)
    at Module.load (node:internal/modules/cjs/loader:1206:32)
    at Module._load (node:internal/modules/cjs/loader:1022:12)
    at Module.require (node:internal/modules/cjs/loader:1231:19)
    at require (node:internal/modules/helpers:179:18)
    at Object.<anonymous> (E:\learn-code\backend-pos\services\dashboardService.js:2:24)
    at Module._compile (node:internal/modules/cjs/loader:1369:14)
2025-04-16 16:39:16 [[31merror[39m]: E:\learn-code\backend-pos\models\DashboardStats.js:70
        totalSales: await mongoose.model('Order').aggregate([...]),
                                                                ^

SyntaxError: Unexpected token ']'
    at internalCompileFunction (node:internal/vm:128:18)
    at wrapSafe (node:internal/modules/cjs/loader:1280:20)
    at Module._compile (node:internal/modules/cjs/loader:1332:27)
    at Module._extensions..js (node:internal/modules/cjs/loader:1427:10)
    at Module.load (node:internal/modules/cjs/loader:1206:32)
    at Module._load (node:internal/modules/cjs/loader:1022:12)
    at Module.require (node:internal/modules/cjs/loader:1231:19)
    at require (node:internal/modules/helpers:179:18)
    at Object.<anonymous> (E:\learn-code\backend-pos\services\dashboardService.js:2:24)
    at Module._compile (node:internal/modules/cjs/loader:1369:14)
2025-04-16 16:39:18 [[31merror[39m]: E:\learn-code\backend-pos\models\DashboardStats.js:70
        totalSales: await mongoose.model('Order').aggregate([...]),
                                                                ^

SyntaxError: Unexpected token ']'
    at internalCompileFunction (node:internal/vm:128:18)
    at wrapSafe (node:internal/modules/cjs/loader:1280:20)
    at Module._compile (node:internal/modules/cjs/loader:1332:27)
    at Module._extensions..js (node:internal/modules/cjs/loader:1427:10)
    at Module.load (node:internal/modules/cjs/loader:1206:32)
    at Module._load (node:internal/modules/cjs/loader:1022:12)
    at Module.require (node:internal/modules/cjs/loader:1231:19)
    at require (node:internal/modules/helpers:179:18)
    at Object.<anonymous> (E:\learn-code\backend-pos\services\dashboardService.js:2:24)
    at Module._compile (node:internal/modules/cjs/loader:1369:14)
2025-04-16 16:39:19 [[31merror[39m]: E:\learn-code\backend-pos\models\DashboardStats.js:70
        totalSales: await mongoose.model('Order').aggregate([...]),
                                                                ^

SyntaxError: Unexpected token ']'
    at internalCompileFunction (node:internal/vm:128:18)
    at wrapSafe (node:internal/modules/cjs/loader:1280:20)
    at Module._compile (node:internal/modules/cjs/loader:1332:27)
    at Module._extensions..js (node:internal/modules/cjs/loader:1427:10)
    at Module.load (node:internal/modules/cjs/loader:1206:32)
    at Module._load (node:internal/modules/cjs/loader:1022:12)
    at Module.require (node:internal/modules/cjs/loader:1231:19)
    at require (node:internal/modules/helpers:179:18)
    at Object.<anonymous> (E:\learn-code\backend-pos\services\dashboardService.js:2:24)
    at Module._compile (node:internal/modules/cjs/loader:1369:14)
2025-04-16 16:40:04 [[31merror[39m]: E:\learn-code\backend-pos\models\DashboardStats.js:70
        totalSales: await mongoose.model('Order').aggregate([...]),
                                                                ^

SyntaxError: Unexpected token ']'
    at internalCompileFunction (node:internal/vm:128:18)
    at wrapSafe (node:internal/modules/cjs/loader:1280:20)
    at Module._compile (node:internal/modules/cjs/loader:1332:27)
    at Module._extensions..js (node:internal/modules/cjs/loader:1427:10)
    at Module.load (node:internal/modules/cjs/loader:1206:32)
    at Module._load (node:internal/modules/cjs/loader:1022:12)
    at Module.require (node:internal/modules/cjs/loader:1231:19)
    at require (node:internal/modules/helpers:179:18)
    at Object.<anonymous> (E:\learn-code\backend-pos\services\dashboardService.js:2:24)
    at Module._compile (node:internal/modules/cjs/loader:1369:14)
2025-04-16 16:41:06 [[31merror[39m]: E:\learn-code\backend-pos\models\DashboardStats.js:70
        totalSales: await mongoose.model('Order').aggregate([...]),
                                                                ^

SyntaxError: Unexpected token ']'
    at internalCompileFunction (node:internal/vm:128:18)
    at wrapSafe (node:internal/modules/cjs/loader:1280:20)
    at Module._compile (node:internal/modules/cjs/loader:1332:27)
    at Module._extensions..js (node:internal/modules/cjs/loader:1427:10)
    at Module.load (node:internal/modules/cjs/loader:1206:32)
    at Module._load (node:internal/modules/cjs/loader:1022:12)
    at Module.require (node:internal/modules/cjs/loader:1231:19)
    at require (node:internal/modules/helpers:179:18)
    at Object.<anonymous> (E:\learn-code\backend-pos\services\dashboardService.js:2:24)
    at Module._compile (node:internal/modules/cjs/loader:1369:14)
2025-04-16 16:41:21 [[31merror[39m]: E:\learn-code\backend-pos\models\DashboardStats.js:70
        totalSales: await mongoose.model('Order').aggregate([...]),
                                                                ^

SyntaxError: Unexpected token ']'
    at internalCompileFunction (node:internal/vm:128:18)
    at wrapSafe (node:internal/modules/cjs/loader:1280:20)
    at Module._compile (node:internal/modules/cjs/loader:1332:27)
    at Module._extensions..js (node:internal/modules/cjs/loader:1427:10)
    at Module.load (node:internal/modules/cjs/loader:1206:32)
    at Module._load (node:internal/modules/cjs/loader:1022:12)
    at Module.require (node:internal/modules/cjs/loader:1231:19)
    at require (node:internal/modules/helpers:179:18)
    at Object.<anonymous> (E:\learn-code\backend-pos\services\dashboardService.js:2:24)
    at Module._compile (node:internal/modules/cjs/loader:1369:14)
2025-04-16 16:59:03 [[31merror[39m]: E:\learn-code\backend-pos\models\DashboardStats.js:70
        totalSales: await mongoose.model('Order').aggregate([...]),
                                                                ^

SyntaxError: Unexpected token ']'
    at internalCompileFunction (node:internal/vm:128:18)
    at wrapSafe (node:internal/modules/cjs/loader:1280:20)
    at Module._compile (node:internal/modules/cjs/loader:1332:27)
    at Module._extensions..js (node:internal/modules/cjs/loader:1427:10)
    at Module.load (node:internal/modules/cjs/loader:1206:32)
    at Module._load (node:internal/modules/cjs/loader:1022:12)
    at Module.require (node:internal/modules/cjs/loader:1231:19)
    at require (node:internal/modules/helpers:179:18)
    at Object.<anonymous> (E:\learn-code\backend-pos\services\dashboardService.js:2:24)
    at Module._compile (node:internal/modules/cjs/loader:1369:14)
2025-04-16 16:59:08 [[31merror[39m]: E:\learn-code\backend-pos\models\DashboardStats.js:70
        totalSales: await mongoose.model('Order').aggregate([...]),
                                                                ^

SyntaxError: Unexpected token ']'
    at internalCompileFunction (node:internal/vm:128:18)
    at wrapSafe (node:internal/modules/cjs/loader:1280:20)
    at Module._compile (node:internal/modules/cjs/loader:1332:27)
    at Module._extensions..js (node:internal/modules/cjs/loader:1427:10)
    at Module.load (node:internal/modules/cjs/loader:1206:32)
    at Module._load (node:internal/modules/cjs/loader:1022:12)
    at Module.require (node:internal/modules/cjs/loader:1231:19)
    at require (node:internal/modules/helpers:179:18)
    at Object.<anonymous> (E:\learn-code\backend-pos\services\dashboardService.js:2:24)
    at Module._compile (node:internal/modules/cjs/loader:1369:14)
2025-04-16 16:59:39 [[31merror[39m]: E:\learn-code\backend-pos\models\DashboardStats.js:70
        totalSales: await mongoose.model('Order').aggregate([...]),
                                                                ^

SyntaxError: Unexpected token ']'
    at internalCompileFunction (node:internal/vm:128:18)
    at wrapSafe (node:internal/modules/cjs/loader:1280:20)
    at Module._compile (node:internal/modules/cjs/loader:1332:27)
    at Module._extensions..js (node:internal/modules/cjs/loader:1427:10)
    at Module.load (node:internal/modules/cjs/loader:1206:32)
    at Module._load (node:internal/modules/cjs/loader:1022:12)
    at Module.require (node:internal/modules/cjs/loader:1231:19)
    at require (node:internal/modules/helpers:179:18)
    at Object.<anonymous> (E:\learn-code\backend-pos\services\dashboardService.js:2:24)
    at Module._compile (node:internal/modules/cjs/loader:1369:14)
2025-04-16 17:06:40 [[31merror[39m]: E:\learn-code\backend-pos\models\DashboardStats.js:70
        totalSales: await mongoose.model('Order').aggregate([...]),
                                                                ^

SyntaxError: Unexpected token ']'
    at internalCompileFunction (node:internal/vm:128:18)
    at wrapSafe (node:internal/modules/cjs/loader:1280:20)
    at Module._compile (node:internal/modules/cjs/loader:1332:27)
    at Module._extensions..js (node:internal/modules/cjs/loader:1427:10)
    at Module.load (node:internal/modules/cjs/loader:1206:32)
    at Module._load (node:internal/modules/cjs/loader:1022:12)
    at Module.require (node:internal/modules/cjs/loader:1231:19)
    at require (node:internal/modules/helpers:179:18)
    at Object.<anonymous> (E:\learn-code\backend-pos\services\dashboardService.js:2:24)
    at Module._compile (node:internal/modules/cjs/loader:1369:14)
2025-04-16 17:06:48 [[31merror[39m]: E:\learn-code\backend-pos\models\DashboardStats.js:70
        totalSales: await mongoose.model('Order').aggregate([...]),
                                                                ^

SyntaxError: Unexpected token ']'
    at internalCompileFunction (node:internal/vm:128:18)
    at wrapSafe (node:internal/modules/cjs/loader:1280:20)
    at Module._compile (node:internal/modules/cjs/loader:1332:27)
    at Module._extensions..js (node:internal/modules/cjs/loader:1427:10)
    at Module.load (node:internal/modules/cjs/loader:1206:32)
    at Module._load (node:internal/modules/cjs/loader:1022:12)
    at Module.require (node:internal/modules/cjs/loader:1231:19)
    at require (node:internal/modules/helpers:179:18)
    at Object.<anonymous> (E:\learn-code\backend-pos\services\dashboardService.js:2:24)
    at Module._compile (node:internal/modules/cjs/loader:1369:14)
2025-04-16 17:07:24 [[31merror[39m]: E:\learn-code\backend-pos\models\DashboardStats.js:70
        totalSales: await mongoose.model('Order').aggregate([...]),
                                                                ^

SyntaxError: Unexpected token ']'
    at internalCompileFunction (node:internal/vm:128:18)
    at wrapSafe (node:internal/modules/cjs/loader:1280:20)
    at Module._compile (node:internal/modules/cjs/loader:1332:27)
    at Module._extensions..js (node:internal/modules/cjs/loader:1427:10)
    at Module.load (node:internal/modules/cjs/loader:1206:32)
    at Module._load (node:internal/modules/cjs/loader:1022:12)
    at Module.require (node:internal/modules/cjs/loader:1231:19)
    at require (node:internal/modules/helpers:179:18)
    at Object.<anonymous> (E:\learn-code\backend-pos\services\dashboardService.js:2:24)
    at Module._compile (node:internal/modules/cjs/loader:1369:14)
2025-04-16 19:09:00 [[31merror[39m]: E:\learn-code\backend-pos\models\DashboardStats.js:70
        totalSales: await mongoose.model('Order').aggregate([...]),
                                                                ^

SyntaxError: Unexpected token ']'
    at internalCompileFunction (node:internal/vm:128:18)
    at wrapSafe (node:internal/modules/cjs/loader:1280:20)
    at Module._compile (node:internal/modules/cjs/loader:1332:27)
    at Module._extensions..js (node:internal/modules/cjs/loader:1427:10)
    at Module.load (node:internal/modules/cjs/loader:1206:32)
    at Module._load (node:internal/modules/cjs/loader:1022:12)
    at Module.require (node:internal/modules/cjs/loader:1231:19)
    at require (node:internal/modules/helpers:179:18)
    at Object.<anonymous> (E:\learn-code\backend-pos\services\dashboardService.js:2:24)
    at Module._compile (node:internal/modules/cjs/loader:1369:14)
2025-04-16 19:09:14 [[31merror[39m]: E:\learn-code\backend-pos\models\DashboardStats.js:70
        totalSales: await mongoose.model('Order').aggregate([...]),
                                                                ^

SyntaxError: Unexpected token ']'
    at internalCompileFunction (node:internal/vm:128:18)
    at wrapSafe (node:internal/modules/cjs/loader:1280:20)
    at Module._compile (node:internal/modules/cjs/loader:1332:27)
    at Module._extensions..js (node:internal/modules/cjs/loader:1427:10)
    at Module.load (node:internal/modules/cjs/loader:1206:32)
    at Module._load (node:internal/modules/cjs/loader:1022:12)
    at Module.require (node:internal/modules/cjs/loader:1231:19)
    at require (node:internal/modules/helpers:179:18)
    at Object.<anonymous> (E:\learn-code\backend-pos\services\dashboardService.js:2:24)
    at Module._compile (node:internal/modules/cjs/loader:1369:14)
2025-04-16 19:09:21 [[31merror[39m]: E:\learn-code\backend-pos\models\DashboardStats.js:70
        totalSales: await mongoose.model('Order').aggregate([...]),
                                                                ^

SyntaxError: Unexpected token ']'
    at internalCompileFunction (node:internal/vm:128:18)
    at wrapSafe (node:internal/modules/cjs/loader:1280:20)
    at Module._compile (node:internal/modules/cjs/loader:1332:27)
    at Module._extensions..js (node:internal/modules/cjs/loader:1427:10)
    at Module.load (node:internal/modules/cjs/loader:1206:32)
    at Module._load (node:internal/modules/cjs/loader:1022:12)
    at Module.require (node:internal/modules/cjs/loader:1231:19)
    at require (node:internal/modules/helpers:179:18)
    at Object.<anonymous> (E:\learn-code\backend-pos\services\dashboardService.js:2:24)
    at Module._compile (node:internal/modules/cjs/loader:1369:14)
2025-04-16 19:09:26 [[31merror[39m]: E:\learn-code\backend-pos\models\DashboardStats.js:70
        totalSales: await mongoose.model('Order').aggregate([...]),
                                                                ^

SyntaxError: Unexpected token ']'
    at internalCompileFunction (node:internal/vm:128:18)
    at wrapSafe (node:internal/modules/cjs/loader:1280:20)
    at Module._compile (node:internal/modules/cjs/loader:1332:27)
    at Module._extensions..js (node:internal/modules/cjs/loader:1427:10)
    at Module.load (node:internal/modules/cjs/loader:1206:32)
    at Module._load (node:internal/modules/cjs/loader:1022:12)
    at Module.require (node:internal/modules/cjs/loader:1231:19)
    at require (node:internal/modules/helpers:179:18)
    at Object.<anonymous> (E:\learn-code\backend-pos\services\dashboardService.js:2:24)
    at Module._compile (node:internal/modules/cjs/loader:1369:14)
2025-04-16 19:10:16 [[31merror[39m]: E:\learn-code\backend-pos\models\DashboardStats.js:70
        totalSales: await mongoose.model('Order').aggregate([...]),
                                                                ^

SyntaxError: Unexpected token ']'
    at internalCompileFunction (node:internal/vm:128:18)
    at wrapSafe (node:internal/modules/cjs/loader:1280:20)
    at Module._compile (node:internal/modules/cjs/loader:1332:27)
    at Module._extensions..js (node:internal/modules/cjs/loader:1427:10)
    at Module.load (node:internal/modules/cjs/loader:1206:32)
    at Module._load (node:internal/modules/cjs/loader:1022:12)
    at Module.require (node:internal/modules/cjs/loader:1231:19)
    at require (node:internal/modules/helpers:179:18)
    at Object.<anonymous> (E:\learn-code\backend-pos\services\dashboardService.js:2:24)
    at Module._compile (node:internal/modules/cjs/loader:1369:14)
2025-04-16 19:10:21 [[31merror[39m]: E:\learn-code\backend-pos\models\DashboardStats.js:70
        totalSales: await mongoose.model('Order').aggregate([...]),
                                                                ^

SyntaxError: Unexpected token ']'
    at internalCompileFunction (node:internal/vm:128:18)
    at wrapSafe (node:internal/modules/cjs/loader:1280:20)
    at Module._compile (node:internal/modules/cjs/loader:1332:27)
    at Module._extensions..js (node:internal/modules/cjs/loader:1427:10)
    at Module.load (node:internal/modules/cjs/loader:1206:32)
    at Module._load (node:internal/modules/cjs/loader:1022:12)
    at Module.require (node:internal/modules/cjs/loader:1231:19)
    at require (node:internal/modules/helpers:179:18)
    at Object.<anonymous> (E:\learn-code\backend-pos\services\dashboardService.js:2:24)
    at Module._compile (node:internal/modules/cjs/loader:1369:14)
2025-04-16 20:29:47 [[31merror[39m]: E:\learn-code\backend-pos\models\DashboardStats.js:70
        totalSales: await mongoose.model('Order').aggregate([...]),
                                                                ^

SyntaxError: Unexpected token ']'
    at internalCompileFunction (node:internal/vm:128:18)
    at wrapSafe (node:internal/modules/cjs/loader:1280:20)
    at Module._compile (node:internal/modules/cjs/loader:1332:27)
    at Module._extensions..js (node:internal/modules/cjs/loader:1427:10)
    at Module.load (node:internal/modules/cjs/loader:1206:32)
    at Module._load (node:internal/modules/cjs/loader:1022:12)
    at Module.require (node:internal/modules/cjs/loader:1231:19)
    at require (node:internal/modules/helpers:179:18)
    at Object.<anonymous> (E:\learn-code\backend-pos\services\dashboardService.js:2:24)
    at Module._compile (node:internal/modules/cjs/loader:1369:14)
2025-04-16 20:30:37 [[31merror[39m]: E:\learn-code\backend-pos\models\DashboardStats.js:70
        totalSales: await mongoose.model('Order').aggregate([...]),
                                                                ^

SyntaxError: Unexpected token ']'
    at internalCompileFunction (node:internal/vm:128:18)
    at wrapSafe (node:internal/modules/cjs/loader:1280:20)
    at Module._compile (node:internal/modules/cjs/loader:1332:27)
    at Module._extensions..js (node:internal/modules/cjs/loader:1427:10)
    at Module.load (node:internal/modules/cjs/loader:1206:32)
    at Module._load (node:internal/modules/cjs/loader:1022:12)
    at Module.require (node:internal/modules/cjs/loader:1231:19)
    at require (node:internal/modules/helpers:179:18)
    at Object.<anonymous> (E:\learn-code\backend-pos\services\dashboardService.js:2:24)
    at Module._compile (node:internal/modules/cjs/loader:1369:14)
2025-04-16 20:37:34 [[31merror[39m]: E:\learn-code\backend-pos\models\DashboardStats.js:70
        totalSales: await mongoose.model('Order').aggregate([...]),
                                                                ^

SyntaxError: Unexpected token ']'
    at internalCompileFunction (node:internal/vm:128:18)
    at wrapSafe (node:internal/modules/cjs/loader:1280:20)
    at Module._compile (node:internal/modules/cjs/loader:1332:27)
    at Module._extensions..js (node:internal/modules/cjs/loader:1427:10)
    at Module.load (node:internal/modules/cjs/loader:1206:32)
    at Module._load (node:internal/modules/cjs/loader:1022:12)
    at Module.require (node:internal/modules/cjs/loader:1231:19)
    at require (node:internal/modules/helpers:179:18)
    at Object.<anonymous> (E:\learn-code\backend-pos\services\dashboardService.js:2:24)
    at Module._compile (node:internal/modules/cjs/loader:1369:14)
2025-04-16 20:38:29 [[31merror[39m]: E:\learn-code\backend-pos\models\DashboardStats.js:70
        totalSales: await mongoose.model('Order').aggregate([...]),
                                                                ^

SyntaxError: Unexpected token ']'
    at internalCompileFunction (node:internal/vm:128:18)
    at wrapSafe (node:internal/modules/cjs/loader:1280:20)
    at Module._compile (node:internal/modules/cjs/loader:1332:27)
    at Module._extensions..js (node:internal/modules/cjs/loader:1427:10)
    at Module.load (node:internal/modules/cjs/loader:1206:32)
    at Module._load (node:internal/modules/cjs/loader:1022:12)
    at Module.require (node:internal/modules/cjs/loader:1231:19)
    at require (node:internal/modules/helpers:179:18)
    at Object.<anonymous> (E:\learn-code\backend-pos\services\dashboardService.js:2:24)
    at Module._compile (node:internal/modules/cjs/loader:1369:14)
2025-04-16 20:38:49 [[31merror[39m]: E:\learn-code\backend-pos\models\DashboardStats.js:70
        totalSales: await mongoose.model('Order').aggregate([...]),
                                                                ^

SyntaxError: Unexpected token ']'
    at internalCompileFunction (node:internal/vm:128:18)
    at wrapSafe (node:internal/modules/cjs/loader:1280:20)
    at Module._compile (node:internal/modules/cjs/loader:1332:27)
    at Module._extensions..js (node:internal/modules/cjs/loader:1427:10)
    at Module.load (node:internal/modules/cjs/loader:1206:32)
    at Module._load (node:internal/modules/cjs/loader:1022:12)
    at Module.require (node:internal/modules/cjs/loader:1231:19)
    at require (node:internal/modules/helpers:179:18)
    at Object.<anonymous> (E:\learn-code\backend-pos\services\dashboardService.js:2:24)
    at Module._compile (node:internal/modules/cjs/loader:1369:14)
2025-04-16 20:39:20 [[31merror[39m]: E:\learn-code\backend-pos\models\DashboardStats.js:70
        totalSales: await mongoose.model('Order').aggregate([...]),
                                                                ^

SyntaxError: Unexpected token ']'
    at internalCompileFunction (node:internal/vm:128:18)
    at wrapSafe (node:internal/modules/cjs/loader:1280:20)
    at Module._compile (node:internal/modules/cjs/loader:1332:27)
    at Module._extensions..js (node:internal/modules/cjs/loader:1427:10)
    at Module.load (node:internal/modules/cjs/loader:1206:32)
    at Module._load (node:internal/modules/cjs/loader:1022:12)
    at Module.require (node:internal/modules/cjs/loader:1231:19)
    at require (node:internal/modules/helpers:179:18)
    at Object.<anonymous> (E:\learn-code\backend-pos\services\dashboardService.js:2:24)
    at Module._compile (node:internal/modules/cjs/loader:1369:14)
2025-04-16 20:40:08 [[31merror[39m]: E:\learn-code\backend-pos\models\DashboardStats.js:70
        totalSales: await mongoose.model('Order').aggregate([...]),
                                                                ^

SyntaxError: Unexpected token ']'
    at internalCompileFunction (node:internal/vm:128:18)
    at wrapSafe (node:internal/modules/cjs/loader:1280:20)
    at Module._compile (node:internal/modules/cjs/loader:1332:27)
    at Module._extensions..js (node:internal/modules/cjs/loader:1427:10)
    at Module.load (node:internal/modules/cjs/loader:1206:32)
    at Module._load (node:internal/modules/cjs/loader:1022:12)
    at Module.require (node:internal/modules/cjs/loader:1231:19)
    at require (node:internal/modules/helpers:179:18)
    at Object.<anonymous> (E:\learn-code\backend-pos\services\dashboardService.js:2:24)
    at Module._compile (node:internal/modules/cjs/loader:1369:14)
2025-04-16 20:41:51 [[31merror[39m]: E:\learn-code\backend-pos\models\DashboardStats.js:70
        totalSales: await mongoose.model('Order').aggregate([...]),
                                                                ^

SyntaxError: Unexpected token ']'
    at internalCompileFunction (node:internal/vm:128:18)
    at wrapSafe (node:internal/modules/cjs/loader:1280:20)
    at Module._compile (node:internal/modules/cjs/loader:1332:27)
    at Module._extensions..js (node:internal/modules/cjs/loader:1427:10)
    at Module.load (node:internal/modules/cjs/loader:1206:32)
    at Module._load (node:internal/modules/cjs/loader:1022:12)
    at Module.require (node:internal/modules/cjs/loader:1231:19)
    at require (node:internal/modules/helpers:179:18)
    at Object.<anonymous> (E:\learn-code\backend-pos\services\dashboardService.js:2:24)
    at Module._compile (node:internal/modules/cjs/loader:1369:14)
2025-04-16 20:41:57 [[31merror[39m]: E:\learn-code\backend-pos\models\DashboardStats.js:70
        totalSales: await mongoose.model('Order').aggregate([...]),
                                                                ^

SyntaxError: Unexpected token ']'
    at internalCompileFunction (node:internal/vm:128:18)
    at wrapSafe (node:internal/modules/cjs/loader:1280:20)
    at Module._compile (node:internal/modules/cjs/loader:1332:27)
    at Module._extensions..js (node:internal/modules/cjs/loader:1427:10)
    at Module.load (node:internal/modules/cjs/loader:1206:32)
    at Module._load (node:internal/modules/cjs/loader:1022:12)
    at Module.require (node:internal/modules/cjs/loader:1231:19)
    at require (node:internal/modules/helpers:179:18)
    at Object.<anonymous> (E:\learn-code\backend-pos\services\dashboardService.js:2:24)
    at Module._compile (node:internal/modules/cjs/loader:1369:14)
2025-04-16 20:43:28 [[31merror[39m]: E:\learn-code\backend-pos\models\DashboardStats.js:70
        totalSales: await mongoose.model('Order').aggregate([...]),
                                                                ^

SyntaxError: Unexpected token ']'
    at internalCompileFunction (node:internal/vm:128:18)
    at wrapSafe (node:internal/modules/cjs/loader:1280:20)
    at Module._compile (node:internal/modules/cjs/loader:1332:27)
    at Module._extensions..js (node:internal/modules/cjs/loader:1427:10)
    at Module.load (node:internal/modules/cjs/loader:1206:32)
    at Module._load (node:internal/modules/cjs/loader:1022:12)
    at Module.require (node:internal/modules/cjs/loader:1231:19)
    at require (node:internal/modules/helpers:179:18)
    at Object.<anonymous> (E:\learn-code\backend-pos\services\dashboardService.js:2:24)
    at Module._compile (node:internal/modules/cjs/loader:1369:14)
2025-04-16 20:43:38 [[31merror[39m]: E:\learn-code\backend-pos\models\DashboardStats.js:70
        totalSales: await mongoose.model('Order').aggregate([...]),
                                                                ^

SyntaxError: Unexpected token ']'
    at internalCompileFunction (node:internal/vm:128:18)
    at wrapSafe (node:internal/modules/cjs/loader:1280:20)
    at Module._compile (node:internal/modules/cjs/loader:1332:27)
    at Module._extensions..js (node:internal/modules/cjs/loader:1427:10)
    at Module.load (node:internal/modules/cjs/loader:1206:32)
    at Module._load (node:internal/modules/cjs/loader:1022:12)
    at Module.require (node:internal/modules/cjs/loader:1231:19)
    at require (node:internal/modules/helpers:179:18)
    at Object.<anonymous> (E:\learn-code\backend-pos\services\dashboardService.js:2:24)
    at Module._compile (node:internal/modules/cjs/loader:1369:14)
2025-04-16 20:43:53 [[31merror[39m]: E:\learn-code\backend-pos\models\DashboardStats.js:70
        totalSales: await mongoose.model('Order').aggregate([...]),
                                                                ^

SyntaxError: Unexpected token ']'
    at internalCompileFunction (node:internal/vm:128:18)
    at wrapSafe (node:internal/modules/cjs/loader:1280:20)
    at Module._compile (node:internal/modules/cjs/loader:1332:27)
    at Module._extensions..js (node:internal/modules/cjs/loader:1427:10)
    at Module.load (node:internal/modules/cjs/loader:1206:32)
    at Module._load (node:internal/modules/cjs/loader:1022:12)
    at Module.require (node:internal/modules/cjs/loader:1231:19)
    at require (node:internal/modules/helpers:179:18)
    at Object.<anonymous> (E:\learn-code\backend-pos\services\dashboardService.js:2:24)
    at Module._compile (node:internal/modules/cjs/loader:1369:14)
2025-04-16 20:44:12 [[31merror[39m]: E:\learn-code\backend-pos\models\DashboardStats.js:70
        totalSales: await mongoose.model('Order').aggregate([...]),
                                                                ^

SyntaxError: Unexpected token ']'
    at internalCompileFunction (node:internal/vm:128:18)
    at wrapSafe (node:internal/modules/cjs/loader:1280:20)
    at Module._compile (node:internal/modules/cjs/loader:1332:27)
    at Module._extensions..js (node:internal/modules/cjs/loader:1427:10)
    at Module.load (node:internal/modules/cjs/loader:1206:32)
    at Module._load (node:internal/modules/cjs/loader:1022:12)
    at Module.require (node:internal/modules/cjs/loader:1231:19)
    at require (node:internal/modules/helpers:179:18)
    at Object.<anonymous> (E:\learn-code\backend-pos\services\dashboardService.js:2:24)
    at Module._compile (node:internal/modules/cjs/loader:1369:14)
2025-04-16 20:44:21 [[31merror[39m]: E:\learn-code\backend-pos\models\DashboardStats.js:70
        totalSales: await mongoose.model('Order').aggregate([...]),
                                                                ^

SyntaxError: Unexpected token ']'
    at internalCompileFunction (node:internal/vm:128:18)
    at wrapSafe (node:internal/modules/cjs/loader:1280:20)
    at Module._compile (node:internal/modules/cjs/loader:1332:27)
    at Module._extensions..js (node:internal/modules/cjs/loader:1427:10)
    at Module.load (node:internal/modules/cjs/loader:1206:32)
    at Module._load (node:internal/modules/cjs/loader:1022:12)
    at Module.require (node:internal/modules/cjs/loader:1231:19)
    at require (node:internal/modules/helpers:179:18)
    at Object.<anonymous> (E:\learn-code\backend-pos\services\dashboardService.js:2:24)
    at Module._compile (node:internal/modules/cjs/loader:1369:14)
2025-04-16 20:44:30 [[31merror[39m]: e:\learn-code\backend-pos\models\DashboardStats.js:70
        totalSales: await mongoose.model('Order').aggregate([...]),
                                                                ^

SyntaxError: Unexpected token ']'
    at internalCompileFunction (node:internal/vm:128:18)
    at wrapSafe (node:internal/modules/cjs/loader:1280:20)
    at Module._compile (node:internal/modules/cjs/loader:1332:27)
    at Module._extensions..js (node:internal/modules/cjs/loader:1427:10)
    at Module.load (node:internal/modules/cjs/loader:1206:32)
    at Module._load (node:internal/modules/cjs/loader:1022:12)
    at Module.require (node:internal/modules/cjs/loader:1231:19)
    at require (node:internal/modules/helpers:179:18)
    at Object.<anonymous> (e:\learn-code\backend-pos\services\dashboardService.js:2:24)
    at Module._compile (node:internal/modules/cjs/loader:1369:14)
2025-04-16 20:44:39 [[31merror[39m]: E:\learn-code\backend-pos\models\DashboardStats.js:70
        totalSales: await mongoose.model('Order').aggregate([...]),
                                                                ^

SyntaxError: Unexpected token ']'
    at internalCompileFunction (node:internal/vm:128:18)
    at wrapSafe (node:internal/modules/cjs/loader:1280:20)
    at Module._compile (node:internal/modules/cjs/loader:1332:27)
    at Module._extensions..js (node:internal/modules/cjs/loader:1427:10)
    at Module.load (node:internal/modules/cjs/loader:1206:32)
    at Module._load (node:internal/modules/cjs/loader:1022:12)
    at Module.require (node:internal/modules/cjs/loader:1231:19)
    at require (node:internal/modules/helpers:179:18)
    at Object.<anonymous> (E:\learn-code\backend-pos\services\dashboardService.js:2:24)
    at Module._compile (node:internal/modules/cjs/loader:1369:14)
2025-04-16 20:44:45 [[31merror[39m]: E:\learn-code\backend-pos\models\DashboardStats.js:70
        totalSales: await mongoose.model('Order').aggregate([...]),
                                                                ^

SyntaxError: Unexpected token ']'
    at internalCompileFunction (node:internal/vm:128:18)
    at wrapSafe (node:internal/modules/cjs/loader:1280:20)
    at Module._compile (node:internal/modules/cjs/loader:1332:27)
    at Module._extensions..js (node:internal/modules/cjs/loader:1427:10)
    at Module.load (node:internal/modules/cjs/loader:1206:32)
    at Module._load (node:internal/modules/cjs/loader:1022:12)
    at Module.require (node:internal/modules/cjs/loader:1231:19)
    at require (node:internal/modules/helpers:179:18)
    at Object.<anonymous> (E:\learn-code\backend-pos\services\dashboardService.js:2:24)
    at Module._compile (node:internal/modules/cjs/loader:1369:14)
2025-04-16 20:44:47 [[31merror[39m]: E:\learn-code\backend-pos\models\DashboardStats.js:70
        totalSales: await mongoose.model('Order').aggregate([...]),
                                                                ^

SyntaxError: Unexpected token ']'
    at internalCompileFunction (node:internal/vm:128:18)
    at wrapSafe (node:internal/modules/cjs/loader:1280:20)
    at Module._compile (node:internal/modules/cjs/loader:1332:27)
    at Module._extensions..js (node:internal/modules/cjs/loader:1427:10)
    at Module.load (node:internal/modules/cjs/loader:1206:32)
    at Module._load (node:internal/modules/cjs/loader:1022:12)
    at Module.require (node:internal/modules/cjs/loader:1231:19)
    at require (node:internal/modules/helpers:179:18)
    at Object.<anonymous> (E:\learn-code\backend-pos\services\dashboardService.js:2:24)
    at Module._compile (node:internal/modules/cjs/loader:1369:14)
2025-04-16 20:44:49 [[31merror[39m]: E:\learn-code\backend-pos\models\DashboardStats.js:70
        totalSales: await mongoose.model('Order').aggregate([...]),
                                                                ^

SyntaxError: Unexpected token ']'
    at internalCompileFunction (node:internal/vm:128:18)
    at wrapSafe (node:internal/modules/cjs/loader:1280:20)
    at Module._compile (node:internal/modules/cjs/loader:1332:27)
    at Module._extensions..js (node:internal/modules/cjs/loader:1427:10)
    at Module.load (node:internal/modules/cjs/loader:1206:32)
    at Module._load (node:internal/modules/cjs/loader:1022:12)
    at Module.require (node:internal/modules/cjs/loader:1231:19)
    at require (node:internal/modules/helpers:179:18)
    at Object.<anonymous> (E:\learn-code\backend-pos\services\dashboardService.js:2:24)
    at Module._compile (node:internal/modules/cjs/loader:1369:14)
2025-04-16 20:44:50 [[31merror[39m]: E:\learn-code\backend-pos\models\DashboardStats.js:70
        totalSales: await mongoose.model('Order').aggregate([...]),
                                                                ^

SyntaxError: Unexpected token ']'
    at internalCompileFunction (node:internal/vm:128:18)
    at wrapSafe (node:internal/modules/cjs/loader:1280:20)
    at Module._compile (node:internal/modules/cjs/loader:1332:27)
    at Module._extensions..js (node:internal/modules/cjs/loader:1427:10)
    at Module.load (node:internal/modules/cjs/loader:1206:32)
    at Module._load (node:internal/modules/cjs/loader:1022:12)
    at Module.require (node:internal/modules/cjs/loader:1231:19)
    at require (node:internal/modules/helpers:179:18)
    at Object.<anonymous> (E:\learn-code\backend-pos\services\dashboardService.js:2:24)
    at Module._compile (node:internal/modules/cjs/loader:1369:14)
2025-04-16 20:44:52 [[31merror[39m]: E:\learn-code\backend-pos\models\DashboardStats.js:70
        totalSales: await mongoose.model('Order').aggregate([...]),
                                                                ^

SyntaxError: Unexpected token ']'
    at internalCompileFunction (node:internal/vm:128:18)
    at wrapSafe (node:internal/modules/cjs/loader:1280:20)
    at Module._compile (node:internal/modules/cjs/loader:1332:27)
    at Module._extensions..js (node:internal/modules/cjs/loader:1427:10)
    at Module.load (node:internal/modules/cjs/loader:1206:32)
    at Module._load (node:internal/modules/cjs/loader:1022:12)
    at Module.require (node:internal/modules/cjs/loader:1231:19)
    at require (node:internal/modules/helpers:179:18)
    at Object.<anonymous> (E:\learn-code\backend-pos\services\dashboardService.js:2:24)
    at Module._compile (node:internal/modules/cjs/loader:1369:14)
2025-04-16 20:44:54 [[31merror[39m]: E:\learn-code\backend-pos\models\DashboardStats.js:70
        totalSales: await mongoose.model('Order').aggregate([...]),
                                                                ^

SyntaxError: Unexpected token ']'
    at internalCompileFunction (node:internal/vm:128:18)
    at wrapSafe (node:internal/modules/cjs/loader:1280:20)
    at Module._compile (node:internal/modules/cjs/loader:1332:27)
    at Module._extensions..js (node:internal/modules/cjs/loader:1427:10)
    at Module.load (node:internal/modules/cjs/loader:1206:32)
    at Module._load (node:internal/modules/cjs/loader:1022:12)
    at Module.require (node:internal/modules/cjs/loader:1231:19)
    at require (node:internal/modules/helpers:179:18)
    at Object.<anonymous> (E:\learn-code\backend-pos\services\dashboardService.js:2:24)
    at Module._compile (node:internal/modules/cjs/loader:1369:14)
2025-04-16 20:44:57 [[31merror[39m]: E:\learn-code\backend-pos\models\DashboardStats.js:70
        totalSales: await mongoose.model('Order').aggregate([...]),
                                                                ^

SyntaxError: Unexpected token ']'
    at internalCompileFunction (node:internal/vm:128:18)
    at wrapSafe (node:internal/modules/cjs/loader:1280:20)
    at Module._compile (node:internal/modules/cjs/loader:1332:27)
    at Module._extensions..js (node:internal/modules/cjs/loader:1427:10)
    at Module.load (node:internal/modules/cjs/loader:1206:32)
    at Module._load (node:internal/modules/cjs/loader:1022:12)
    at Module.require (node:internal/modules/cjs/loader:1231:19)
    at require (node:internal/modules/helpers:179:18)
    at Object.<anonymous> (E:\learn-code\backend-pos\services\dashboardService.js:2:24)
    at Module._compile (node:internal/modules/cjs/loader:1369:14)
2025-04-16 20:44:57 [[31merror[39m]: E:\learn-code\backend-pos\models\DashboardStats.js:70
        totalSales: await mongoose.model('Order').aggregate([...]),
                                                                ^

SyntaxError: Unexpected token ']'
    at internalCompileFunction (node:internal/vm:128:18)
    at wrapSafe (node:internal/modules/cjs/loader:1280:20)
    at Module._compile (node:internal/modules/cjs/loader:1332:27)
    at Module._extensions..js (node:internal/modules/cjs/loader:1427:10)
    at Module.load (node:internal/modules/cjs/loader:1206:32)
    at Module._load (node:internal/modules/cjs/loader:1022:12)
    at Module.require (node:internal/modules/cjs/loader:1231:19)
    at require (node:internal/modules/helpers:179:18)
    at Object.<anonymous> (E:\learn-code\backend-pos\services\dashboardService.js:2:24)
    at Module._compile (node:internal/modules/cjs/loader:1369:14)
2025-04-16 20:45:37 [[31merror[39m]: E:\learn-code\backend-pos\models\DashboardStats.js:70
        totalSales: await mongoose.model('Order').aggregate([...]),
                                                                ^

SyntaxError: Unexpected token ']'
    at internalCompileFunction (node:internal/vm:128:18)
    at wrapSafe (node:internal/modules/cjs/loader:1280:20)
    at Module._compile (node:internal/modules/cjs/loader:1332:27)
    at Module._extensions..js (node:internal/modules/cjs/loader:1427:10)
    at Module.load (node:internal/modules/cjs/loader:1206:32)
    at Module._load (node:internal/modules/cjs/loader:1022:12)
    at Module.require (node:internal/modules/cjs/loader:1231:19)
    at require (node:internal/modules/helpers:179:18)
    at Object.<anonymous> (E:\learn-code\backend-pos\services\dashboardService.js:2:24)
    at Module._compile (node:internal/modules/cjs/loader:1369:14)
2025-04-16 20:45:50 [[31merror[39m]: E:\learn-code\backend-pos\models\DashboardStats.js:70
        totalSales: await mongoose.model('Order').aggregate([...]),
                                                                ^

SyntaxError: Unexpected token ']'
    at internalCompileFunction (node:internal/vm:128:18)
    at wrapSafe (node:internal/modules/cjs/loader:1280:20)
    at Module._compile (node:internal/modules/cjs/loader:1332:27)
    at Module._extensions..js (node:internal/modules/cjs/loader:1427:10)
    at Module.load (node:internal/modules/cjs/loader:1206:32)
    at Module._load (node:internal/modules/cjs/loader:1022:12)
    at Module.require (node:internal/modules/cjs/loader:1231:19)
    at require (node:internal/modules/helpers:179:18)
    at Object.<anonymous> (E:\learn-code\backend-pos\services\dashboardService.js:2:24)
    at Module._compile (node:internal/modules/cjs/loader:1369:14)
2025-04-16 20:46:04 [[31merror[39m]: E:\learn-code\backend-pos\models\DashboardStats.js:70
        totalSales: await mongoose.model('Order').aggregate([...]),
                                                                ^

SyntaxError: Unexpected token ']'
    at internalCompileFunction (node:internal/vm:128:18)
    at wrapSafe (node:internal/modules/cjs/loader:1280:20)
    at Module._compile (node:internal/modules/cjs/loader:1332:27)
    at Module._extensions..js (node:internal/modules/cjs/loader:1427:10)
    at Module.load (node:internal/modules/cjs/loader:1206:32)
    at Module._load (node:internal/modules/cjs/loader:1022:12)
    at Module.require (node:internal/modules/cjs/loader:1231:19)
    at require (node:internal/modules/helpers:179:18)
    at Object.<anonymous> (E:\learn-code\backend-pos\services\dashboardService.js:2:24)
    at Module._compile (node:internal/modules/cjs/loader:1369:14)
2025-04-16 20:46:16 [[31merror[39m]: E:\learn-code\backend-pos\models\DashboardStats.js:70
        totalSales: await mongoose.model('Order').aggregate([...]),
                                                                ^

SyntaxError: Unexpected token ']'
    at internalCompileFunction (node:internal/vm:128:18)
    at wrapSafe (node:internal/modules/cjs/loader:1280:20)
    at Module._compile (node:internal/modules/cjs/loader:1332:27)
    at Module._extensions..js (node:internal/modules/cjs/loader:1427:10)
    at Module.load (node:internal/modules/cjs/loader:1206:32)
    at Module._load (node:internal/modules/cjs/loader:1022:12)
    at Module.require (node:internal/modules/cjs/loader:1231:19)
    at require (node:internal/modules/helpers:179:18)
    at Object.<anonymous> (E:\learn-code\backend-pos\services\dashboardService.js:2:24)
    at Module._compile (node:internal/modules/cjs/loader:1369:14)
2025-04-16 20:47:05 [[31merror[39m]: E:\learn-code\backend-pos\models\DashboardStats.js:70
        totalSales: await mongoose.model('Order').aggregate([...]),
                                                                ^

SyntaxError: Unexpected token ']'
    at internalCompileFunction (node:internal/vm:128:18)
    at wrapSafe (node:internal/modules/cjs/loader:1280:20)
    at Module._compile (node:internal/modules/cjs/loader:1332:27)
    at Module._extensions..js (node:internal/modules/cjs/loader:1427:10)
    at Module.load (node:internal/modules/cjs/loader:1206:32)
    at Module._load (node:internal/modules/cjs/loader:1022:12)
    at Module.require (node:internal/modules/cjs/loader:1231:19)
    at require (node:internal/modules/helpers:179:18)
    at Object.<anonymous> (E:\learn-code\backend-pos\services\dashboardService.js:2:24)
    at Module._compile (node:internal/modules/cjs/loader:1369:14)
2025-04-16 20:47:51 [[31merror[39m]: E:\learn-code\backend-pos\models\DashboardStats.js:70
        totalSales: await mongoose.model('Order').aggregate([...]),
                                                                ^

SyntaxError: Unexpected token ']'
    at internalCompileFunction (node:internal/vm:128:18)
    at wrapSafe (node:internal/modules/cjs/loader:1280:20)
    at Module._compile (node:internal/modules/cjs/loader:1332:27)
    at Module._extensions..js (node:internal/modules/cjs/loader:1427:10)
    at Module.load (node:internal/modules/cjs/loader:1206:32)
    at Module._load (node:internal/modules/cjs/loader:1022:12)
    at Module.require (node:internal/modules/cjs/loader:1231:19)
    at require (node:internal/modules/helpers:179:18)
    at Object.<anonymous> (E:\learn-code\backend-pos\services\dashboardService.js:2:24)
    at Module._compile (node:internal/modules/cjs/loader:1369:14)
2025-04-16 20:52:51 [[31merror[39m]: E:\learn-code\backend-pos\models\DashboardStats.js:70
        totalSales: await mongoose.model('Order').aggregate([...]),
                                                                ^

SyntaxError: Unexpected token ']'
    at internalCompileFunction (node:internal/vm:128:18)
    at wrapSafe (node:internal/modules/cjs/loader:1280:20)
    at Module._compile (node:internal/modules/cjs/loader:1332:27)
    at Module._extensions..js (node:internal/modules/cjs/loader:1427:10)
    at Module.load (node:internal/modules/cjs/loader:1206:32)
    at Module._load (node:internal/modules/cjs/loader:1022:12)
    at Module.require (node:internal/modules/cjs/loader:1231:19)
    at require (node:internal/modules/helpers:179:18)
    at Object.<anonymous> (E:\learn-code\backend-pos\services\dashboardService.js:2:24)
    at Module._compile (node:internal/modules/cjs/loader:1369:14)
2025-04-16 20:52:55 [[31merror[39m]: E:\learn-code\backend-pos\models\DashboardStats.js:70
        totalSales: await mongoose.model('Order').aggregate([...]),
                                                                ^

SyntaxError: Unexpected token ']'
    at internalCompileFunction (node:internal/vm:128:18)
    at wrapSafe (node:internal/modules/cjs/loader:1280:20)
    at Module._compile (node:internal/modules/cjs/loader:1332:27)
    at Module._extensions..js (node:internal/modules/cjs/loader:1427:10)
    at Module.load (node:internal/modules/cjs/loader:1206:32)
    at Module._load (node:internal/modules/cjs/loader:1022:12)
    at Module.require (node:internal/modules/cjs/loader:1231:19)
    at require (node:internal/modules/helpers:179:18)
    at Object.<anonymous> (E:\learn-code\backend-pos\services\dashboardService.js:2:24)
    at Module._compile (node:internal/modules/cjs/loader:1369:14)
2025-04-16 21:11:06 [[31merror[39m]: E:\learn-code\backend-pos\models\DashboardStats.js:70
        totalSales: await mongoose.model('Order').aggregate([...]),
                                                                ^

SyntaxError: Unexpected token ']'
    at internalCompileFunction (node:internal/vm:128:18)
    at wrapSafe (node:internal/modules/cjs/loader:1280:20)
    at Module._compile (node:internal/modules/cjs/loader:1332:27)
    at Module._extensions..js (node:internal/modules/cjs/loader:1427:10)
    at Module.load (node:internal/modules/cjs/loader:1206:32)
    at Module._load (node:internal/modules/cjs/loader:1022:12)
    at Module.require (node:internal/modules/cjs/loader:1231:19)
    at require (node:internal/modules/helpers:179:18)
    at Object.<anonymous> (E:\learn-code\backend-pos\services\dashboardService.js:2:24)
    at Module._compile (node:internal/modules/cjs/loader:1369:14)
2025-04-16 21:11:15 [[31merror[39m]: E:\learn-code\backend-pos\models\DashboardStats.js:70
        totalSales: await mongoose.model('Order').aggregate([...]),
                                                                ^

SyntaxError: Unexpected token ']'
    at internalCompileFunction (node:internal/vm:128:18)
    at wrapSafe (node:internal/modules/cjs/loader:1280:20)
    at Module._compile (node:internal/modules/cjs/loader:1332:27)
    at Module._extensions..js (node:internal/modules/cjs/loader:1427:10)
    at Module.load (node:internal/modules/cjs/loader:1206:32)
    at Module._load (node:internal/modules/cjs/loader:1022:12)
    at Module.require (node:internal/modules/cjs/loader:1231:19)
    at require (node:internal/modules/helpers:179:18)
    at Object.<anonymous> (E:\learn-code\backend-pos\services\dashboardService.js:2:24)
    at Module._compile (node:internal/modules/cjs/loader:1369:14)
2025-04-16 21:11:40 [[31merror[39m]: E:\learn-code\backend-pos\models\DashboardStats.js:70
        totalSales: await mongoose.model('Order').aggregate([...]),
                                                                ^

SyntaxError: Unexpected token ']'
    at internalCompileFunction (node:internal/vm:128:18)
    at wrapSafe (node:internal/modules/cjs/loader:1280:20)
    at Module._compile (node:internal/modules/cjs/loader:1332:27)
    at Module._extensions..js (node:internal/modules/cjs/loader:1427:10)
    at Module.load (node:internal/modules/cjs/loader:1206:32)
    at Module._load (node:internal/modules/cjs/loader:1022:12)
    at Module.require (node:internal/modules/cjs/loader:1231:19)
    at require (node:internal/modules/helpers:179:18)
    at Object.<anonymous> (E:\learn-code\backend-pos\services\dashboardService.js:2:24)
    at Module._compile (node:internal/modules/cjs/loader:1369:14)
2025-04-16 21:11:57 [[31merror[39m]: E:\learn-code\backend-pos\models\DashboardStats.js:70
        totalSales: await mongoose.model('Order').aggregate([...]),
                                                                ^

SyntaxError: Unexpected token ']'
    at internalCompileFunction (node:internal/vm:128:18)
    at wrapSafe (node:internal/modules/cjs/loader:1280:20)
    at Module._compile (node:internal/modules/cjs/loader:1332:27)
    at Module._extensions..js (node:internal/modules/cjs/loader:1427:10)
    at Module.load (node:internal/modules/cjs/loader:1206:32)
    at Module._load (node:internal/modules/cjs/loader:1022:12)
    at Module.require (node:internal/modules/cjs/loader:1231:19)
    at require (node:internal/modules/helpers:179:18)
    at Object.<anonymous> (E:\learn-code\backend-pos\services\dashboardService.js:2:24)
    at Module._compile (node:internal/modules/cjs/loader:1369:14)
2025-04-16 21:13:04 [[31merror[39m]: E:\learn-code\backend-pos\models\DashboardStats.js:70
        totalSales: await mongoose.model('Order').aggregate([...]),
                                                                ^

SyntaxError: Unexpected token ']'
    at internalCompileFunction (node:internal/vm:128:18)
    at wrapSafe (node:internal/modules/cjs/loader:1280:20)
    at Module._compile (node:internal/modules/cjs/loader:1332:27)
    at Module._extensions..js (node:internal/modules/cjs/loader:1427:10)
    at Module.load (node:internal/modules/cjs/loader:1206:32)
    at Module._load (node:internal/modules/cjs/loader:1022:12)
    at Module.require (node:internal/modules/cjs/loader:1231:19)
    at require (node:internal/modules/helpers:179:18)
    at Object.<anonymous> (E:\learn-code\backend-pos\services\dashboardService.js:2:24)
    at Module._compile (node:internal/modules/cjs/loader:1369:14)
2025-04-16 21:13:28 [[31merror[39m]: E:\learn-code\backend-pos\models\DashboardStats.js:70
        totalSales: await mongoose.model('Order').aggregate([...]),
                                                                ^

SyntaxError: Unexpected token ']'
    at internalCompileFunction (node:internal/vm:128:18)
    at wrapSafe (node:internal/modules/cjs/loader:1280:20)
    at Module._compile (node:internal/modules/cjs/loader:1332:27)
    at Module._extensions..js (node:internal/modules/cjs/loader:1427:10)
    at Module.load (node:internal/modules/cjs/loader:1206:32)
    at Module._load (node:internal/modules/cjs/loader:1022:12)
    at Module.require (node:internal/modules/cjs/loader:1231:19)
    at require (node:internal/modules/helpers:179:18)
    at Object.<anonymous> (E:\learn-code\backend-pos\services\dashboardService.js:2:24)
    at Module._compile (node:internal/modules/cjs/loader:1369:14)
2025-04-16 21:24:23 [[31merror[39m]: E:\learn-code\backend-pos\models\DashboardStats.js:70
        totalSales: await mongoose.model('Order').aggregate([...]),
                                                                ^

SyntaxError: Unexpected token ']'
    at internalCompileFunction (node:internal/vm:128:18)
    at wrapSafe (node:internal/modules/cjs/loader:1280:20)
    at Module._compile (node:internal/modules/cjs/loader:1332:27)
    at Module._extensions..js (node:internal/modules/cjs/loader:1427:10)
    at Module.load (node:internal/modules/cjs/loader:1206:32)
    at Module._load (node:internal/modules/cjs/loader:1022:12)
    at Module.require (node:internal/modules/cjs/loader:1231:19)
    at require (node:internal/modules/helpers:179:18)
    at Object.<anonymous> (E:\learn-code\backend-pos\services\dashboardService.js:2:24)
    at Module._compile (node:internal/modules/cjs/loader:1369:14)
{"date":"Sat Apr 19 2025 02:37:49 GMT+0700 (Indochina Time)","error":{},"exception":true,"level":"error","message":"uncaughtException: argument handler must be a function\nTypeError: argument handler must be a function\n    at Route.<computed> [as get] (E:\\learn-code\\backend-pos\\node_modules\\router\\lib\\route.js:228:15)\n    at Object.<anonymous> (E:\\learn-code\\backend-pos\\routes\\customerRoute.js:24:4)\n    at Module._compile (node:internal/modules/cjs/loader:1369:14)\n    at Module._extensions..js (node:internal/modules/cjs/loader:1427:10)\n    at Module.load (node:internal/modules/cjs/loader:1206:32)\n    at Module._load (node:internal/modules/cjs/loader:1022:12)\n    at Module.require (node:internal/modules/cjs/loader:1231:19)\n    at require (node:internal/modules/helpers:179:18)\n    at Object.<anonymous> (E:\\learn-code\\backend-pos\\server.js:18:19)\n    at Module._compile (node:internal/modules/cjs/loader:1369:14)","os":{"loadavg":[0,0,0],"uptime":113221.828},"process":{"argv":["C:\\Program Files\\nodejs\\node.exe","E:\\learn-code\\backend-pos\\server.js"],"cwd":"E:\\learn-code\\backend-pos","execPath":"C:\\Program Files\\nodejs\\node.exe","gid":null,"memoryUsage":{"arrayBuffers":18262463,"external":20949753,"heapTotal":34729984,"heapUsed":24276184,"rss":65171456},"pid":24708,"uid":null,"version":"v20.12.2"},"stack":"TypeError: argument handler must be a function\n    at Route.<computed> [as get] (E:\\learn-code\\backend-pos\\node_modules\\router\\lib\\route.js:228:15)\n    at Object.<anonymous> (E:\\learn-code\\backend-pos\\routes\\customerRoute.js:24:4)\n    at Module._compile (node:internal/modules/cjs/loader:1369:14)\n    at Module._extensions..js (node:internal/modules/cjs/loader:1427:10)\n    at Module.load (node:internal/modules/cjs/loader:1206:32)\n    at Module._load (node:internal/modules/cjs/loader:1022:12)\n    at Module.require (node:internal/modules/cjs/loader:1231:19)\n    at require (node:internal/modules/helpers:179:18)\n    at Object.<anonymous> (E:\\learn-code\\backend-pos\\server.js:18:19)\n    at Module._compile (node:internal/modules/cjs/loader:1369:14)","trace":[{"column":15,"file":"E:\\learn-code\\backend-pos\\node_modules\\router\\lib\\route.js","function":"Route.<computed> [as get]","line":228,"method":"<computed> [as get]","native":false},{"column":4,"file":"E:\\learn-code\\backend-pos\\routes\\customerRoute.js","function":null,"line":24,"method":null,"native":false},{"column":14,"file":"node:internal/modules/cjs/loader","function":"Module._compile","line":1369,"method":"_compile","native":false},{"column":10,"file":"node:internal/modules/cjs/loader","function":"Module._extensions..js","line":1427,"method":".js","native":false},{"column":32,"file":"node:internal/modules/cjs/loader","function":"Module.load","line":1206,"method":"load","native":false},{"column":12,"file":"node:internal/modules/cjs/loader","function":"Module._load","line":1022,"method":"_load","native":false},{"column":19,"file":"node:internal/modules/cjs/loader","function":"Module.require","line":1231,"method":"require","native":false},{"column":18,"file":"node:internal/modules/helpers","function":"require","line":179,"method":null,"native":false},{"column":19,"file":"E:\\learn-code\\backend-pos\\server.js","function":null,"line":18,"method":null,"native":false},{"column":14,"file":"node:internal/modules/cjs/loader","function":"Module._compile","line":1369,"method":"_compile","native":false}]}
{"date":"Sat Apr 19 2025 02:38:18 GMT+0700 (Indochina Time)","error":{},"exception":true,"level":"error","message":"uncaughtException: argument handler must be a function\nTypeError: argument handler must be a function\n    at Route.<computed> [as get] (E:\\learn-code\\backend-pos\\node_modules\\router\\lib\\route.js:228:15)\n    at Object.<anonymous> (E:\\learn-code\\backend-pos\\routes\\customerRoute.js:24:4)\n    at Module._compile (node:internal/modules/cjs/loader:1369:14)\n    at Module._extensions..js (node:internal/modules/cjs/loader:1427:10)\n    at Module.load (node:internal/modules/cjs/loader:1206:32)\n    at Module._load (node:internal/modules/cjs/loader:1022:12)\n    at Module.require (node:internal/modules/cjs/loader:1231:19)\n    at require (node:internal/modules/helpers:179:18)\n    at Object.<anonymous> (E:\\learn-code\\backend-pos\\server.js:18:19)\n    at Module._compile (node:internal/modules/cjs/loader:1369:14)","os":{"loadavg":[0,0,0],"uptime":113250.656},"process":{"argv":["C:\\Program Files\\nodejs\\node.exe","E:\\learn-code\\backend-pos\\server.js"],"cwd":"E:\\learn-code\\backend-pos","execPath":"C:\\Program Files\\nodejs\\node.exe","gid":null,"memoryUsage":{"arrayBuffers":18262463,"external":20949753,"heapTotal":35000320,"heapUsed":24529600,"rss":65413120},"pid":11220,"uid":null,"version":"v20.12.2"},"stack":"TypeError: argument handler must be a function\n    at Route.<computed> [as get] (E:\\learn-code\\backend-pos\\node_modules\\router\\lib\\route.js:228:15)\n    at Object.<anonymous> (E:\\learn-code\\backend-pos\\routes\\customerRoute.js:24:4)\n    at Module._compile (node:internal/modules/cjs/loader:1369:14)\n    at Module._extensions..js (node:internal/modules/cjs/loader:1427:10)\n    at Module.load (node:internal/modules/cjs/loader:1206:32)\n    at Module._load (node:internal/modules/cjs/loader:1022:12)\n    at Module.require (node:internal/modules/cjs/loader:1231:19)\n    at require (node:internal/modules/helpers:179:18)\n    at Object.<anonymous> (E:\\learn-code\\backend-pos\\server.js:18:19)\n    at Module._compile (node:internal/modules/cjs/loader:1369:14)","trace":[{"column":15,"file":"E:\\learn-code\\backend-pos\\node_modules\\router\\lib\\route.js","function":"Route.<computed> [as get]","line":228,"method":"<computed> [as get]","native":false},{"column":4,"file":"E:\\learn-code\\backend-pos\\routes\\customerRoute.js","function":null,"line":24,"method":null,"native":false},{"column":14,"file":"node:internal/modules/cjs/loader","function":"Module._compile","line":1369,"method":"_compile","native":false},{"column":10,"file":"node:internal/modules/cjs/loader","function":"Module._extensions..js","line":1427,"method":".js","native":false},{"column":32,"file":"node:internal/modules/cjs/loader","function":"Module.load","line":1206,"method":"load","native":false},{"column":12,"file":"node:internal/modules/cjs/loader","function":"Module._load","line":1022,"method":"_load","native":false},{"column":19,"file":"node:internal/modules/cjs/loader","function":"Module.require","line":1231,"method":"require","native":false},{"column":18,"file":"node:internal/modules/helpers","function":"require","line":179,"method":null,"native":false},{"column":19,"file":"E:\\learn-code\\backend-pos\\server.js","function":null,"line":18,"method":null,"native":false},{"column":14,"file":"node:internal/modules/cjs/loader","function":"Module._compile","line":1369,"method":"_compile","native":false}]}
{"date":"Sat Apr 19 2025 02:39:17 GMT+0700 (Indochina Time)","error":{},"exception":true,"level":"error","message":"uncaughtException: argument handler must be a function\nTypeError: argument handler must be a function\n    at Route.<computed> [as get] (E:\\learn-code\\backend-pos\\node_modules\\router\\lib\\route.js:228:15)\n    at Object.<anonymous> (E:\\learn-code\\backend-pos\\routes\\customerRoute.js:24:4)\n    at Module._compile (node:internal/modules/cjs/loader:1369:14)\n    at Module._extensions..js (node:internal/modules/cjs/loader:1427:10)\n    at Module.load (node:internal/modules/cjs/loader:1206:32)\n    at Module._load (node:internal/modules/cjs/loader:1022:12)\n    at Module.require (node:internal/modules/cjs/loader:1231:19)\n    at require (node:internal/modules/helpers:179:18)\n    at Object.<anonymous> (E:\\learn-code\\backend-pos\\server.js:18:19)\n    at Module._compile (node:internal/modules/cjs/loader:1369:14)","os":{"loadavg":[0,0,0],"uptime":113309.468},"process":{"argv":["C:\\Program Files\\nodejs\\node.exe","E:\\learn-code\\backend-pos\\server.js"],"cwd":"E:\\learn-code\\backend-pos","execPath":"C:\\Program Files\\nodejs\\node.exe","gid":null,"memoryUsage":{"arrayBuffers":18262463,"external":20949753,"heapTotal":34992128,"heapUsed":24229048,"rss":64806912},"pid":21432,"uid":null,"version":"v20.12.2"},"stack":"TypeError: argument handler must be a function\n    at Route.<computed> [as get] (E:\\learn-code\\backend-pos\\node_modules\\router\\lib\\route.js:228:15)\n    at Object.<anonymous> (E:\\learn-code\\backend-pos\\routes\\customerRoute.js:24:4)\n    at Module._compile (node:internal/modules/cjs/loader:1369:14)\n    at Module._extensions..js (node:internal/modules/cjs/loader:1427:10)\n    at Module.load (node:internal/modules/cjs/loader:1206:32)\n    at Module._load (node:internal/modules/cjs/loader:1022:12)\n    at Module.require (node:internal/modules/cjs/loader:1231:19)\n    at require (node:internal/modules/helpers:179:18)\n    at Object.<anonymous> (E:\\learn-code\\backend-pos\\server.js:18:19)\n    at Module._compile (node:internal/modules/cjs/loader:1369:14)","trace":[{"column":15,"file":"E:\\learn-code\\backend-pos\\node_modules\\router\\lib\\route.js","function":"Route.<computed> [as get]","line":228,"method":"<computed> [as get]","native":false},{"column":4,"file":"E:\\learn-code\\backend-pos\\routes\\customerRoute.js","function":null,"line":24,"method":null,"native":false},{"column":14,"file":"node:internal/modules/cjs/loader","function":"Module._compile","line":1369,"method":"_compile","native":false},{"column":10,"file":"node:internal/modules/cjs/loader","function":"Module._extensions..js","line":1427,"method":".js","native":false},{"column":32,"file":"node:internal/modules/cjs/loader","function":"Module.load","line":1206,"method":"load","native":false},{"column":12,"file":"node:internal/modules/cjs/loader","function":"Module._load","line":1022,"method":"_load","native":false},{"column":19,"file":"node:internal/modules/cjs/loader","function":"Module.require","line":1231,"method":"require","native":false},{"column":18,"file":"node:internal/modules/helpers","function":"require","line":179,"method":null,"native":false},{"column":19,"file":"E:\\learn-code\\backend-pos\\server.js","function":null,"line":18,"method":null,"native":false},{"column":14,"file":"node:internal/modules/cjs/loader","function":"Module._compile","line":1369,"method":"_compile","native":false}]}
{"date":"Sat Apr 19 2025 02:40:01 GMT+0700 (Indochina Time)","error":{},"exception":true,"level":"error","message":"uncaughtException: multer is not defined\nReferenceError: multer is not defined\n    at Object.<anonymous> (E:\\learn-code\\backend-pos\\controllers\\product.js:128:16)\n    at Module._compile (node:internal/modules/cjs/loader:1369:14)\n    at Module._extensions..js (node:internal/modules/cjs/loader:1427:10)\n    at Module.load (node:internal/modules/cjs/loader:1206:32)\n    at Module._load (node:internal/modules/cjs/loader:1022:12)\n    at Module.require (node:internal/modules/cjs/loader:1231:19)\n    at require (node:internal/modules/helpers:179:18)\n    at Object.<anonymous> (E:\\learn-code\\backend-pos\\routes\\productRoute.js:12:5)\n    at Module._compile (node:internal/modules/cjs/loader:1369:14)\n    at Module._extensions..js (node:internal/modules/cjs/loader:1427:10)","os":{"loadavg":[0,0,0],"uptime":113353.562},"process":{"argv":["C:\\Program Files\\nodejs\\node.exe","E:\\learn-code\\backend-pos\\server.js"],"cwd":"E:\\learn-code\\backend-pos","execPath":"C:\\Program Files\\nodejs\\node.exe","gid":null,"memoryUsage":{"arrayBuffers":18262463,"external":20949753,"heapTotal":35262464,"heapUsed":24460024,"rss":65540096},"pid":15296,"uid":null,"version":"v20.12.2"},"stack":"ReferenceError: multer is not defined\n    at Object.<anonymous> (E:\\learn-code\\backend-pos\\controllers\\product.js:128:16)\n    at Module._compile (node:internal/modules/cjs/loader:1369:14)\n    at Module._extensions..js (node:internal/modules/cjs/loader:1427:10)\n    at Module.load (node:internal/modules/cjs/loader:1206:32)\n    at Module._load (node:internal/modules/cjs/loader:1022:12)\n    at Module.require (node:internal/modules/cjs/loader:1231:19)\n    at require (node:internal/modules/helpers:179:18)\n    at Object.<anonymous> (E:\\learn-code\\backend-pos\\routes\\productRoute.js:12:5)\n    at Module._compile (node:internal/modules/cjs/loader:1369:14)\n    at Module._extensions..js (node:internal/modules/cjs/loader:1427:10)","trace":[{"column":16,"file":"E:\\learn-code\\backend-pos\\controllers\\product.js","function":null,"line":128,"method":null,"native":false},{"column":14,"file":"node:internal/modules/cjs/loader","function":"Module._compile","line":1369,"method":"_compile","native":false},{"column":10,"file":"node:internal/modules/cjs/loader","function":"Module._extensions..js","line":1427,"method":".js","native":false},{"column":32,"file":"node:internal/modules/cjs/loader","function":"Module.load","line":1206,"method":"load","native":false},{"column":12,"file":"node:internal/modules/cjs/loader","function":"Module._load","line":1022,"method":"_load","native":false},{"column":19,"file":"node:internal/modules/cjs/loader","function":"Module.require","line":1231,"method":"require","native":false},{"column":18,"file":"node:internal/modules/helpers","function":"require","line":179,"method":null,"native":false},{"column":5,"file":"E:\\learn-code\\backend-pos\\routes\\productRoute.js","function":null,"line":12,"method":null,"native":false},{"column":14,"file":"node:internal/modules/cjs/loader","function":"Module._compile","line":1369,"method":"_compile","native":false},{"column":10,"file":"node:internal/modules/cjs/loader","function":"Module._extensions..js","line":1427,"method":".js","native":false}]}
{"date":"Sat Apr 19 2025 02:40:34 GMT+0700 (Indochina Time)","error":{},"exception":true,"level":"error","message":"uncaughtException: authController is not defined\nReferenceError: authController is not defined\n    at Object.<anonymous> (E:\\learn-code\\backend-pos\\routes\\authRoute.js:13:31)\n    at Module._compile (node:internal/modules/cjs/loader:1369:14)\n    at Module._extensions..js (node:internal/modules/cjs/loader:1427:10)\n    at Module.load (node:internal/modules/cjs/loader:1206:32)\n    at Module._load (node:internal/modules/cjs/loader:1022:12)\n    at Module.require (node:internal/modules/cjs/loader:1231:19)\n    at require (node:internal/modules/helpers:179:18)\n    at Object.<anonymous> (E:\\learn-code\\backend-pos\\server.js:14:14)\n    at Module._compile (node:internal/modules/cjs/loader:1369:14)\n    at Module._extensions..js (node:internal/modules/cjs/loader:1427:10)","os":{"loadavg":[0,0,0],"uptime":113387.203},"process":{"argv":["C:\\Program Files\\nodejs\\node.exe","E:\\learn-code\\backend-pos\\server.js"],"cwd":"E:\\learn-code\\backend-pos","execPath":"C:\\Program Files\\nodejs\\node.exe","gid":null,"memoryUsage":{"arrayBuffers":18262463,"external":20949753,"heapTotal":34738176,"heapUsed":23586152,"rss":64798720},"pid":19656,"uid":null,"version":"v20.12.2"},"stack":"ReferenceError: authController is not defined\n    at Object.<anonymous> (E:\\learn-code\\backend-pos\\routes\\authRoute.js:13:31)\n    at Module._compile (node:internal/modules/cjs/loader:1369:14)\n    at Module._extensions..js (node:internal/modules/cjs/loader:1427:10)\n    at Module.load (node:internal/modules/cjs/loader:1206:32)\n    at Module._load (node:internal/modules/cjs/loader:1022:12)\n    at Module.require (node:internal/modules/cjs/loader:1231:19)\n    at require (node:internal/modules/helpers:179:18)\n    at Object.<anonymous> (E:\\learn-code\\backend-pos\\server.js:14:14)\n    at Module._compile (node:internal/modules/cjs/loader:1369:14)\n    at Module._extensions..js (node:internal/modules/cjs/loader:1427:10)","trace":[{"column":31,"file":"E:\\learn-code\\backend-pos\\routes\\authRoute.js","function":null,"line":13,"method":null,"native":false},{"column":14,"file":"node:internal/modules/cjs/loader","function":"Module._compile","line":1369,"method":"_compile","native":false},{"column":10,"file":"node:internal/modules/cjs/loader","function":"Module._extensions..js","line":1427,"method":".js","native":false},{"column":32,"file":"node:internal/modules/cjs/loader","function":"Module.load","line":1206,"method":"load","native":false},{"column":12,"file":"node:internal/modules/cjs/loader","function":"Module._load","line":1022,"method":"_load","native":false},{"column":19,"file":"node:internal/modules/cjs/loader","function":"Module.require","line":1231,"method":"require","native":false},{"column":18,"file":"node:internal/modules/helpers","function":"require","line":179,"method":null,"native":false},{"column":14,"file":"E:\\learn-code\\backend-pos\\server.js","function":null,"line":14,"method":null,"native":false},{"column":14,"file":"node:internal/modules/cjs/loader","function":"Module._compile","line":1369,"method":"_compile","native":false},{"column":10,"file":"node:internal/modules/cjs/loader","function":"Module._extensions..js","line":1427,"method":".js","native":false}]}
{"date":"Fri Apr 25 2025 01:37:10 GMT+0700 (Indochina Time)","error":{},"exception":true,"level":"error","message":"uncaughtException: rateLimit is not defined\nReferenceError: rateLimit is not defined\n    at Object.<anonymous> (E:\\learn-code\\backend-pos\\controllers\\auth.js:66:22)\n    at Module._compile (node:internal/modules/cjs/loader:1369:14)\n    at Module._extensions..js (node:internal/modules/cjs/loader:1427:10)\n    at Module.load (node:internal/modules/cjs/loader:1206:32)\n    at Module._load (node:internal/modules/cjs/loader:1022:12)\n    at Module.require (node:internal/modules/cjs/loader:1231:19)\n    at require (node:internal/modules/helpers:179:18)\n    at Object.<anonymous> (E:\\learn-code\\backend-pos\\routes\\authRoute.js:7:39)\n    at Module._compile (node:internal/modules/cjs/loader:1369:14)\n    at Module._extensions..js (node:internal/modules/cjs/loader:1427:10)","os":{"loadavg":[0,0,0],"uptime":227880.062},"process":{"argv":["C:\\Program Files\\nodejs\\node.exe","E:\\learn-code\\backend-pos\\server.js"],"cwd":"E:\\learn-code\\backend-pos","execPath":"C:\\Program Files\\nodejs\\node.exe","gid":null,"memoryUsage":{"arrayBuffers":18262463,"external":20949753,"heapTotal":35000320,"heapUsed":23786096,"rss":67043328},"pid":2276,"uid":null,"version":"v20.12.2"},"stack":"ReferenceError: rateLimit is not defined\n    at Object.<anonymous> (E:\\learn-code\\backend-pos\\controllers\\auth.js:66:22)\n    at Module._compile (node:internal/modules/cjs/loader:1369:14)\n    at Module._extensions..js (node:internal/modules/cjs/loader:1427:10)\n    at Module.load (node:internal/modules/cjs/loader:1206:32)\n    at Module._load (node:internal/modules/cjs/loader:1022:12)\n    at Module.require (node:internal/modules/cjs/loader:1231:19)\n    at require (node:internal/modules/helpers:179:18)\n    at Object.<anonymous> (E:\\learn-code\\backend-pos\\routes\\authRoute.js:7:39)\n    at Module._compile (node:internal/modules/cjs/loader:1369:14)\n    at Module._extensions..js (node:internal/modules/cjs/loader:1427:10)","trace":[{"column":22,"file":"E:\\learn-code\\backend-pos\\controllers\\auth.js","function":null,"line":66,"method":null,"native":false},{"column":14,"file":"node:internal/modules/cjs/loader","function":"Module._compile","line":1369,"method":"_compile","native":false},{"column":10,"file":"node:internal/modules/cjs/loader","function":"Module._extensions..js","line":1427,"method":".js","native":false},{"column":32,"file":"node:internal/modules/cjs/loader","function":"Module.load","line":1206,"method":"load","native":false},{"column":12,"file":"node:internal/modules/cjs/loader","function":"Module._load","line":1022,"method":"_load","native":false},{"column":19,"file":"node:internal/modules/cjs/loader","function":"Module.require","line":1231,"method":"require","native":false},{"column":18,"file":"node:internal/modules/helpers","function":"require","line":179,"method":null,"native":false},{"column":39,"file":"E:\\learn-code\\backend-pos\\routes\\authRoute.js","function":null,"line":7,"method":null,"native":false},{"column":14,"file":"node:internal/modules/cjs/loader","function":"Module._compile","line":1369,"method":"_compile","native":false},{"column":10,"file":"node:internal/modules/cjs/loader","function":"Module._extensions..js","line":1427,"method":".js","native":false}]}
{"date":"Fri Apr 25 2025 01:40:00 GMT+0700 (Indochina Time)","error":{},"exception":true,"level":"error","message":"uncaughtException: authController is not defined\nReferenceError: authController is not defined\n    at Object.<anonymous> (E:\\learn-code\\backend-pos\\routes\\authRoute.js:13:31)\n    at Module._compile (node:internal/modules/cjs/loader:1369:14)\n    at Module._extensions..js (node:internal/modules/cjs/loader:1427:10)\n    at Module.load (node:internal/modules/cjs/loader:1206:32)\n    at Module._load (node:internal/modules/cjs/loader:1022:12)\n    at Module.require (node:internal/modules/cjs/loader:1231:19)\n    at require (node:internal/modules/helpers:179:18)\n    at Object.<anonymous> (E:\\learn-code\\backend-pos\\server.js:14:14)\n    at Module._compile (node:internal/modules/cjs/loader:1369:14)\n    at Module._extensions..js (node:internal/modules/cjs/loader:1427:10)","os":{"loadavg":[0,0,0],"uptime":228049.937},"process":{"argv":["C:\\Program Files\\nodejs\\node.exe","E:\\learn-code\\backend-pos\\server.js"],"cwd":"E:\\learn-code\\backend-pos","execPath":"C:\\Program Files\\nodejs\\node.exe","gid":null,"memoryUsage":{"arrayBuffers":18262463,"external":20949753,"heapTotal":34476032,"heapUsed":23370176,"rss":66408448},"pid":20496,"uid":null,"version":"v20.12.2"},"stack":"ReferenceError: authController is not defined\n    at Object.<anonymous> (E:\\learn-code\\backend-pos\\routes\\authRoute.js:13:31)\n    at Module._compile (node:internal/modules/cjs/loader:1369:14)\n    at Module._extensions..js (node:internal/modules/cjs/loader:1427:10)\n    at Module.load (node:internal/modules/cjs/loader:1206:32)\n    at Module._load (node:internal/modules/cjs/loader:1022:12)\n    at Module.require (node:internal/modules/cjs/loader:1231:19)\n    at require (node:internal/modules/helpers:179:18)\n    at Object.<anonymous> (E:\\learn-code\\backend-pos\\server.js:14:14)\n    at Module._compile (node:internal/modules/cjs/loader:1369:14)\n    at Module._extensions..js (node:internal/modules/cjs/loader:1427:10)","trace":[{"column":31,"file":"E:\\learn-code\\backend-pos\\routes\\authRoute.js","function":null,"line":13,"method":null,"native":false},{"column":14,"file":"node:internal/modules/cjs/loader","function":"Module._compile","line":1369,"method":"_compile","native":false},{"column":10,"file":"node:internal/modules/cjs/loader","function":"Module._extensions..js","line":1427,"method":".js","native":false},{"column":32,"file":"node:internal/modules/cjs/loader","function":"Module.load","line":1206,"method":"load","native":false},{"column":12,"file":"node:internal/modules/cjs/loader","function":"Module._load","line":1022,"method":"_load","native":false},{"column":19,"file":"node:internal/modules/cjs/loader","function":"Module.require","line":1231,"method":"require","native":false},{"column":18,"file":"node:internal/modules/helpers","function":"require","line":179,"method":null,"native":false},{"column":14,"file":"E:\\learn-code\\backend-pos\\server.js","function":null,"line":14,"method":null,"native":false},{"column":14,"file":"node:internal/modules/cjs/loader","function":"Module._compile","line":1369,"method":"_compile","native":false},{"column":10,"file":"node:internal/modules/cjs/loader","function":"Module._extensions..js","line":1427,"method":".js","native":false}]}
{"date":"Fri Apr 25 2025 01:40:40 GMT+0700 (Indochina Time)","error":{},"exception":true,"level":"error","message":"uncaughtException: rateLimit is not defined\nReferenceError: rateLimit is not defined\n    at Object.<anonymous> (E:\\learn-code\\backend-pos\\middleware\\auth.js:61:22)\n    at Module._compile (node:internal/modules/cjs/loader:1369:14)\n    at Module._extensions..js (node:internal/modules/cjs/loader:1427:10)\n    at Module.load (node:internal/modules/cjs/loader:1206:32)\n    at Module._load (node:internal/modules/cjs/loader:1022:12)\n    at Module.require (node:internal/modules/cjs/loader:1231:19)\n    at require (node:internal/modules/helpers:179:18)\n    at Object.<anonymous> (E:\\learn-code\\backend-pos\\routes\\authRoute.js:5:18)\n    at Module._compile (node:internal/modules/cjs/loader:1369:14)\n    at Module._extensions..js (node:internal/modules/cjs/loader:1427:10)","os":{"loadavg":[0,0,0],"uptime":228090.593},"process":{"argv":["C:\\Program Files\\nodejs\\node.exe","E:\\learn-code\\backend-pos\\server.js"],"cwd":"E:\\learn-code\\backend-pos","execPath":"C:\\Program Files\\nodejs\\node.exe","gid":null,"memoryUsage":{"arrayBuffers":18262463,"external":20949753,"heapTotal":34205696,"heapUsed":22840824,"rss":65933312},"pid":11248,"uid":null,"version":"v20.12.2"},"stack":"ReferenceError: rateLimit is not defined\n    at Object.<anonymous> (E:\\learn-code\\backend-pos\\middleware\\auth.js:61:22)\n    at Module._compile (node:internal/modules/cjs/loader:1369:14)\n    at Module._extensions..js (node:internal/modules/cjs/loader:1427:10)\n    at Module.load (node:internal/modules/cjs/loader:1206:32)\n    at Module._load (node:internal/modules/cjs/loader:1022:12)\n    at Module.require (node:internal/modules/cjs/loader:1231:19)\n    at require (node:internal/modules/helpers:179:18)\n    at Object.<anonymous> (E:\\learn-code\\backend-pos\\routes\\authRoute.js:5:18)\n    at Module._compile (node:internal/modules/cjs/loader:1369:14)\n    at Module._extensions..js (node:internal/modules/cjs/loader:1427:10)","trace":[{"column":22,"file":"E:\\learn-code\\backend-pos\\middleware\\auth.js","function":null,"line":61,"method":null,"native":false},{"column":14,"file":"node:internal/modules/cjs/loader","function":"Module._compile","line":1369,"method":"_compile","native":false},{"column":10,"file":"node:internal/modules/cjs/loader","function":"Module._extensions..js","line":1427,"method":".js","native":false},{"column":32,"file":"node:internal/modules/cjs/loader","function":"Module.load","line":1206,"method":"load","native":false},{"column":12,"file":"node:internal/modules/cjs/loader","function":"Module._load","line":1022,"method":"_load","native":false},{"column":19,"file":"node:internal/modules/cjs/loader","function":"Module.require","line":1231,"method":"require","native":false},{"column":18,"file":"node:internal/modules/helpers","function":"require","line":179,"method":null,"native":false},{"column":18,"file":"E:\\learn-code\\backend-pos\\routes\\authRoute.js","function":null,"line":5,"method":null,"native":false},{"column":14,"file":"node:internal/modules/cjs/loader","function":"Module._compile","line":1369,"method":"_compile","native":false},{"column":10,"file":"node:internal/modules/cjs/loader","function":"Module._extensions..js","line":1427,"method":".js","native":false}]}
{"date":"Fri Apr 25 2025 01:41:57 GMT+0700 (Indochina Time)","error":{},"exception":true,"level":"error","message":"uncaughtException: authController is not defined\nReferenceError: authController is not defined\n    at Object.<anonymous> (E:\\learn-code\\backend-pos\\routes\\authRoute.js:13:31)\n    at Module._compile (node:internal/modules/cjs/loader:1369:14)\n    at Module._extensions..js (node:internal/modules/cjs/loader:1427:10)\n    at Module.load (node:internal/modules/cjs/loader:1206:32)\n    at Module._load (node:internal/modules/cjs/loader:1022:12)\n    at Module.require (node:internal/modules/cjs/loader:1231:19)\n    at require (node:internal/modules/helpers:179:18)\n    at Object.<anonymous> (E:\\learn-code\\backend-pos\\server.js:14:14)\n    at Module._compile (node:internal/modules/cjs/loader:1369:14)\n    at Module._extensions..js (node:internal/modules/cjs/loader:1427:10)","os":{"loadavg":[0,0,0],"uptime":228167.562},"process":{"argv":["C:\\Program Files\\nodejs\\node.exe","E:\\learn-code\\backend-pos\\server.js"],"cwd":"E:\\learn-code\\backend-pos","execPath":"C:\\Program Files\\nodejs\\node.exe","gid":null,"memoryUsage":{"arrayBuffers":18262463,"external":20949753,"heapTotal":34476032,"heapUsed":23994320,"rss":67727360},"pid":24320,"uid":null,"version":"v20.12.2"},"stack":"ReferenceError: authController is not defined\n    at Object.<anonymous> (E:\\learn-code\\backend-pos\\routes\\authRoute.js:13:31)\n    at Module._compile (node:internal/modules/cjs/loader:1369:14)\n    at Module._extensions..js (node:internal/modules/cjs/loader:1427:10)\n    at Module.load (node:internal/modules/cjs/loader:1206:32)\n    at Module._load (node:internal/modules/cjs/loader:1022:12)\n    at Module.require (node:internal/modules/cjs/loader:1231:19)\n    at require (node:internal/modules/helpers:179:18)\n    at Object.<anonymous> (E:\\learn-code\\backend-pos\\server.js:14:14)\n    at Module._compile (node:internal/modules/cjs/loader:1369:14)\n    at Module._extensions..js (node:internal/modules/cjs/loader:1427:10)","trace":[{"column":31,"file":"E:\\learn-code\\backend-pos\\routes\\authRoute.js","function":null,"line":13,"method":null,"native":false},{"column":14,"file":"node:internal/modules/cjs/loader","function":"Module._compile","line":1369,"method":"_compile","native":false},{"column":10,"file":"node:internal/modules/cjs/loader","function":"Module._extensions..js","line":1427,"method":".js","native":false},{"column":32,"file":"node:internal/modules/cjs/loader","function":"Module.load","line":1206,"method":"load","native":false},{"column":12,"file":"node:internal/modules/cjs/loader","function":"Module._load","line":1022,"method":"_load","native":false},{"column":19,"file":"node:internal/modules/cjs/loader","function":"Module.require","line":1231,"method":"require","native":false},{"column":18,"file":"node:internal/modules/helpers","function":"require","line":179,"method":null,"native":false},{"column":14,"file":"E:\\learn-code\\backend-pos\\server.js","function":null,"line":14,"method":null,"native":false},{"column":14,"file":"node:internal/modules/cjs/loader","function":"Module._compile","line":1369,"method":"_compile","native":false},{"column":10,"file":"node:internal/modules/cjs/loader","function":"Module._extensions..js","line":1427,"method":".js","native":false}]}
{"date":"Fri Apr 25 2025 01:42:26 GMT+0700 (Indochina Time)","error":{},"exception":true,"level":"error","message":"uncaughtException: authController is not defined\nReferenceError: authController is not defined\n    at Object.<anonymous> (E:\\learn-code\\backend-pos\\routes\\authRoute.js:13:31)\n    at Module._compile (node:internal/modules/cjs/loader:1369:14)\n    at Module._extensions..js (node:internal/modules/cjs/loader:1427:10)\n    at Module.load (node:internal/modules/cjs/loader:1206:32)\n    at Module._load (node:internal/modules/cjs/loader:1022:12)\n    at Module.require (node:internal/modules/cjs/loader:1231:19)\n    at require (node:internal/modules/helpers:179:18)\n    at Object.<anonymous> (E:\\learn-code\\backend-pos\\server.js:14:14)\n    at Module._compile (node:internal/modules/cjs/loader:1369:14)\n    at Module._extensions..js (node:internal/modules/cjs/loader:1427:10)","os":{"loadavg":[0,0,0],"uptime":228196.578},"process":{"argv":["C:\\Program Files\\nodejs\\node.exe","E:\\learn-code\\backend-pos\\server.js"],"cwd":"E:\\learn-code\\backend-pos","execPath":"C:\\Program Files\\nodejs\\node.exe","gid":null,"memoryUsage":{"arrayBuffers":18262463,"external":20949753,"heapTotal":34476032,"heapUsed":24038768,"rss":66932736},"pid":25400,"uid":null,"version":"v20.12.2"},"stack":"ReferenceError: authController is not defined\n    at Object.<anonymous> (E:\\learn-code\\backend-pos\\routes\\authRoute.js:13:31)\n    at Module._compile (node:internal/modules/cjs/loader:1369:14)\n    at Module._extensions..js (node:internal/modules/cjs/loader:1427:10)\n    at Module.load (node:internal/modules/cjs/loader:1206:32)\n    at Module._load (node:internal/modules/cjs/loader:1022:12)\n    at Module.require (node:internal/modules/cjs/loader:1231:19)\n    at require (node:internal/modules/helpers:179:18)\n    at Object.<anonymous> (E:\\learn-code\\backend-pos\\server.js:14:14)\n    at Module._compile (node:internal/modules/cjs/loader:1369:14)\n    at Module._extensions..js (node:internal/modules/cjs/loader:1427:10)","trace":[{"column":31,"file":"E:\\learn-code\\backend-pos\\routes\\authRoute.js","function":null,"line":13,"method":null,"native":false},{"column":14,"file":"node:internal/modules/cjs/loader","function":"Module._compile","line":1369,"method":"_compile","native":false},{"column":10,"file":"node:internal/modules/cjs/loader","function":"Module._extensions..js","line":1427,"method":".js","native":false},{"column":32,"file":"node:internal/modules/cjs/loader","function":"Module.load","line":1206,"method":"load","native":false},{"column":12,"file":"node:internal/modules/cjs/loader","function":"Module._load","line":1022,"method":"_load","native":false},{"column":19,"file":"node:internal/modules/cjs/loader","function":"Module.require","line":1231,"method":"require","native":false},{"column":18,"file":"node:internal/modules/helpers","function":"require","line":179,"method":null,"native":false},{"column":14,"file":"E:\\learn-code\\backend-pos\\server.js","function":null,"line":14,"method":null,"native":false},{"column":14,"file":"node:internal/modules/cjs/loader","function":"Module._compile","line":1369,"method":"_compile","native":false},{"column":10,"file":"node:internal/modules/cjs/loader","function":"Module._extensions..js","line":1427,"method":".js","native":false}]}
{"date":"Fri Apr 25 2025 01:42:28 GMT+0700 (Indochina Time)","error":{},"exception":true,"level":"error","message":"uncaughtException: rateLimit is not defined\nReferenceError: rateLimit is not defined\n    at Object.<anonymous> (E:\\learn-code\\backend-pos\\controllers\\auth.js:66:22)\n    at Module._compile (node:internal/modules/cjs/loader:1369:14)\n    at Module._extensions..js (node:internal/modules/cjs/loader:1427:10)\n    at Module.load (node:internal/modules/cjs/loader:1206:32)\n    at Module._load (node:internal/modules/cjs/loader:1022:12)\n    at Module.require (node:internal/modules/cjs/loader:1231:19)\n    at require (node:internal/modules/helpers:179:18)\n    at Object.<anonymous> (E:\\learn-code\\backend-pos\\routes\\authRoute.js:7:39)\n    at Module._compile (node:internal/modules/cjs/loader:1369:14)\n    at Module._extensions..js (node:internal/modules/cjs/loader:1427:10)","os":{"loadavg":[0,0,0],"uptime":228198},"process":{"argv":["C:\\Program Files\\nodejs\\node.exe","E:\\learn-code\\backend-pos\\server.js"],"cwd":"E:\\learn-code\\backend-pos","execPath":"C:\\Program Files\\nodejs\\node.exe","gid":null,"memoryUsage":{"arrayBuffers":18262463,"external":20949753,"heapTotal":34476032,"heapUsed":23889896,"rss":68308992},"pid":16132,"uid":null,"version":"v20.12.2"},"stack":"ReferenceError: rateLimit is not defined\n    at Object.<anonymous> (E:\\learn-code\\backend-pos\\controllers\\auth.js:66:22)\n    at Module._compile (node:internal/modules/cjs/loader:1369:14)\n    at Module._extensions..js (node:internal/modules/cjs/loader:1427:10)\n    at Module.load (node:internal/modules/cjs/loader:1206:32)\n    at Module._load (node:internal/modules/cjs/loader:1022:12)\n    at Module.require (node:internal/modules/cjs/loader:1231:19)\n    at require (node:internal/modules/helpers:179:18)\n    at Object.<anonymous> (E:\\learn-code\\backend-pos\\routes\\authRoute.js:7:39)\n    at Module._compile (node:internal/modules/cjs/loader:1369:14)\n    at Module._extensions..js (node:internal/modules/cjs/loader:1427:10)","trace":[{"column":22,"file":"E:\\learn-code\\backend-pos\\controllers\\auth.js","function":null,"line":66,"method":null,"native":false},{"column":14,"file":"node:internal/modules/cjs/loader","function":"Module._compile","line":1369,"method":"_compile","native":false},{"column":10,"file":"node:internal/modules/cjs/loader","function":"Module._extensions..js","line":1427,"method":".js","native":false},{"column":32,"file":"node:internal/modules/cjs/loader","function":"Module.load","line":1206,"method":"load","native":false},{"column":12,"file":"node:internal/modules/cjs/loader","function":"Module._load","line":1022,"method":"_load","native":false},{"column":19,"file":"node:internal/modules/cjs/loader","function":"Module.require","line":1231,"method":"require","native":false},{"column":18,"file":"node:internal/modules/helpers","function":"require","line":179,"method":null,"native":false},{"column":39,"file":"E:\\learn-code\\backend-pos\\routes\\authRoute.js","function":null,"line":7,"method":null,"native":false},{"column":14,"file":"node:internal/modules/cjs/loader","function":"Module._compile","line":1369,"method":"_compile","native":false},{"column":10,"file":"node:internal/modules/cjs/loader","function":"Module._extensions..js","line":1427,"method":".js","native":false}]}
{"date":"Fri Apr 25 2025 01:43:39 GMT+0700 (Indochina Time)","error":{},"exception":true,"level":"error","message":"uncaughtException: authController is not defined\nReferenceError: authController is not defined\n    at Object.<anonymous> (E:\\learn-code\\backend-pos\\routes\\authRoute.js:13:31)\n    at Module._compile (node:internal/modules/cjs/loader:1369:14)\n    at Module._extensions..js (node:internal/modules/cjs/loader:1427:10)\n    at Module.load (node:internal/modules/cjs/loader:1206:32)\n    at Module._load (node:internal/modules/cjs/loader:1022:12)\n    at Module.require (node:internal/modules/cjs/loader:1231:19)\n    at require (node:internal/modules/helpers:179:18)\n    at Object.<anonymous> (E:\\learn-code\\backend-pos\\server.js:14:14)\n    at Module._compile (node:internal/modules/cjs/loader:1369:14)\n    at Module._extensions..js (node:internal/modules/cjs/loader:1427:10)","os":{"loadavg":[0,0,0],"uptime":228269.281},"process":{"argv":["C:\\Program Files\\nodejs\\node.exe","E:\\learn-code\\backend-pos\\server.js"],"cwd":"E:\\learn-code\\backend-pos","execPath":"C:\\Program Files\\nodejs\\node.exe","gid":null,"memoryUsage":{"arrayBuffers":18262463,"external":20949753,"heapTotal":34476032,"heapUsed":23524664,"rss":66859008},"pid":25872,"uid":null,"version":"v20.12.2"},"stack":"ReferenceError: authController is not defined\n    at Object.<anonymous> (E:\\learn-code\\backend-pos\\routes\\authRoute.js:13:31)\n    at Module._compile (node:internal/modules/cjs/loader:1369:14)\n    at Module._extensions..js (node:internal/modules/cjs/loader:1427:10)\n    at Module.load (node:internal/modules/cjs/loader:1206:32)\n    at Module._load (node:internal/modules/cjs/loader:1022:12)\n    at Module.require (node:internal/modules/cjs/loader:1231:19)\n    at require (node:internal/modules/helpers:179:18)\n    at Object.<anonymous> (E:\\learn-code\\backend-pos\\server.js:14:14)\n    at Module._compile (node:internal/modules/cjs/loader:1369:14)\n    at Module._extensions..js (node:internal/modules/cjs/loader:1427:10)","trace":[{"column":31,"file":"E:\\learn-code\\backend-pos\\routes\\authRoute.js","function":null,"line":13,"method":null,"native":false},{"column":14,"file":"node:internal/modules/cjs/loader","function":"Module._compile","line":1369,"method":"_compile","native":false},{"column":10,"file":"node:internal/modules/cjs/loader","function":"Module._extensions..js","line":1427,"method":".js","native":false},{"column":32,"file":"node:internal/modules/cjs/loader","function":"Module.load","line":1206,"method":"load","native":false},{"column":12,"file":"node:internal/modules/cjs/loader","function":"Module._load","line":1022,"method":"_load","native":false},{"column":19,"file":"node:internal/modules/cjs/loader","function":"Module.require","line":1231,"method":"require","native":false},{"column":18,"file":"node:internal/modules/helpers","function":"require","line":179,"method":null,"native":false},{"column":14,"file":"E:\\learn-code\\backend-pos\\server.js","function":null,"line":14,"method":null,"native":false},{"column":14,"file":"node:internal/modules/cjs/loader","function":"Module._compile","line":1369,"method":"_compile","native":false},{"column":10,"file":"node:internal/modules/cjs/loader","function":"Module._extensions..js","line":1427,"method":".js","native":false}]}
{"date":"Fri Apr 25 2025 01:47:00 GMT+0700 (Indochina Time)","error":{},"exception":true,"level":"error","message":"uncaughtException: multer is not defined\nReferenceError: multer is not defined\n    at Object.<anonymous> (E:\\learn-code\\backend-pos\\controllers\\product.js:128:16)\n    at Module._compile (node:internal/modules/cjs/loader:1369:14)\n    at Module._extensions..js (node:internal/modules/cjs/loader:1427:10)\n    at Module.load (node:internal/modules/cjs/loader:1206:32)\n    at Module._load (node:internal/modules/cjs/loader:1022:12)\n    at Module.require (node:internal/modules/cjs/loader:1231:19)\n    at require (node:internal/modules/helpers:179:18)\n    at Object.<anonymous> (E:\\learn-code\\backend-pos\\routes\\productRoute.js:12:5)\n    at Module._compile (node:internal/modules/cjs/loader:1369:14)\n    at Module._extensions..js (node:internal/modules/cjs/loader:1427:10)","os":{"loadavg":[0,0,0],"uptime":228470.64},"process":{"argv":["C:\\Program Files\\nodejs\\node.exe","E:\\learn-code\\backend-pos\\server.js"],"cwd":"E:\\learn-code\\backend-pos","execPath":"C:\\Program Files\\nodejs\\node.exe","gid":null,"memoryUsage":{"arrayBuffers":18262463,"external":20949753,"heapTotal":35000320,"heapUsed":24007976,"rss":67088384},"pid":23724,"uid":null,"version":"v20.12.2"},"stack":"ReferenceError: multer is not defined\n    at Object.<anonymous> (E:\\learn-code\\backend-pos\\controllers\\product.js:128:16)\n    at Module._compile (node:internal/modules/cjs/loader:1369:14)\n    at Module._extensions..js (node:internal/modules/cjs/loader:1427:10)\n    at Module.load (node:internal/modules/cjs/loader:1206:32)\n    at Module._load (node:internal/modules/cjs/loader:1022:12)\n    at Module.require (node:internal/modules/cjs/loader:1231:19)\n    at require (node:internal/modules/helpers:179:18)\n    at Object.<anonymous> (E:\\learn-code\\backend-pos\\routes\\productRoute.js:12:5)\n    at Module._compile (node:internal/modules/cjs/loader:1369:14)\n    at Module._extensions..js (node:internal/modules/cjs/loader:1427:10)","trace":[{"column":16,"file":"E:\\learn-code\\backend-pos\\controllers\\product.js","function":null,"line":128,"method":null,"native":false},{"column":14,"file":"node:internal/modules/cjs/loader","function":"Module._compile","line":1369,"method":"_compile","native":false},{"column":10,"file":"node:internal/modules/cjs/loader","function":"Module._extensions..js","line":1427,"method":".js","native":false},{"column":32,"file":"node:internal/modules/cjs/loader","function":"Module.load","line":1206,"method":"load","native":false},{"column":12,"file":"node:internal/modules/cjs/loader","function":"Module._load","line":1022,"method":"_load","native":false},{"column":19,"file":"node:internal/modules/cjs/loader","function":"Module.require","line":1231,"method":"require","native":false},{"column":18,"file":"node:internal/modules/helpers","function":"require","line":179,"method":null,"native":false},{"column":5,"file":"E:\\learn-code\\backend-pos\\routes\\productRoute.js","function":null,"line":12,"method":null,"native":false},{"column":14,"file":"node:internal/modules/cjs/loader","function":"Module._compile","line":1369,"method":"_compile","native":false},{"column":10,"file":"node:internal/modules/cjs/loader","function":"Module._extensions..js","line":1427,"method":".js","native":false}]}
{"date":"Fri Apr 25 2025 01:57:16 GMT+0700 (Indochina Time)","error":{},"exception":true,"level":"error","message":"uncaughtException: multer is not defined\nReferenceError: multer is not defined\n    at Object.<anonymous> (E:\\learn-code\\backend-pos\\controllers\\product.js:128:16)\n    at Module._compile (node:internal/modules/cjs/loader:1369:14)\n    at Module._extensions..js (node:internal/modules/cjs/loader:1427:10)\n    at Module.load (node:internal/modules/cjs/loader:1206:32)\n    at Module._load (node:internal/modules/cjs/loader:1022:12)\n    at Module.require (node:internal/modules/cjs/loader:1231:19)\n    at require (node:internal/modules/helpers:179:18)\n    at Object.<anonymous> (E:\\learn-code\\backend-pos\\routes\\productRoute.js:12:5)\n    at Module._compile (node:internal/modules/cjs/loader:1369:14)\n    at Module._extensions..js (node:internal/modules/cjs/loader:1427:10)","os":{"loadavg":[0,0,0],"uptime":229085.953},"process":{"argv":["C:\\Program Files\\nodejs\\node.exe","E:\\learn-code\\backend-pos\\server.js"],"cwd":"E:\\learn-code\\backend-pos","execPath":"C:\\Program Files\\nodejs\\node.exe","gid":null,"memoryUsage":{"arrayBuffers":18262463,"external":20949753,"heapTotal":34738176,"heapUsed":23982152,"rss":66932736},"pid":26472,"uid":null,"version":"v20.12.2"},"stack":"ReferenceError: multer is not defined\n    at Object.<anonymous> (E:\\learn-code\\backend-pos\\controllers\\product.js:128:16)\n    at Module._compile (node:internal/modules/cjs/loader:1369:14)\n    at Module._extensions..js (node:internal/modules/cjs/loader:1427:10)\n    at Module.load (node:internal/modules/cjs/loader:1206:32)\n    at Module._load (node:internal/modules/cjs/loader:1022:12)\n    at Module.require (node:internal/modules/cjs/loader:1231:19)\n    at require (node:internal/modules/helpers:179:18)\n    at Object.<anonymous> (E:\\learn-code\\backend-pos\\routes\\productRoute.js:12:5)\n    at Module._compile (node:internal/modules/cjs/loader:1369:14)\n    at Module._extensions..js (node:internal/modules/cjs/loader:1427:10)","trace":[{"column":16,"file":"E:\\learn-code\\backend-pos\\controllers\\product.js","function":null,"line":128,"method":null,"native":false},{"column":14,"file":"node:internal/modules/cjs/loader","function":"Module._compile","line":1369,"method":"_compile","native":false},{"column":10,"file":"node:internal/modules/cjs/loader","function":"Module._extensions..js","line":1427,"method":".js","native":false},{"column":32,"file":"node:internal/modules/cjs/loader","function":"Module.load","line":1206,"method":"load","native":false},{"column":12,"file":"node:internal/modules/cjs/loader","function":"Module._load","line":1022,"method":"_load","native":false},{"column":19,"file":"node:internal/modules/cjs/loader","function":"Module.require","line":1231,"method":"require","native":false},{"column":18,"file":"node:internal/modules/helpers","function":"require","line":179,"method":null,"native":false},{"column":5,"file":"E:\\learn-code\\backend-pos\\routes\\productRoute.js","function":null,"line":12,"method":null,"native":false},{"column":14,"file":"node:internal/modules/cjs/loader","function":"Module._compile","line":1369,"method":"_compile","native":false},{"column":10,"file":"node:internal/modules/cjs/loader","function":"Module._extensions..js","line":1427,"method":".js","native":false}]}
{"date":"Fri Apr 25 2025 01:57:17 GMT+0700 (Indochina Time)","error":{},"exception":true,"level":"error","message":"uncaughtException: multer is not defined\nReferenceError: multer is not defined\n    at Object.<anonymous> (E:\\learn-code\\backend-pos\\controllers\\product.js:128:16)\n    at Module._compile (node:internal/modules/cjs/loader:1369:14)\n    at Module._extensions..js (node:internal/modules/cjs/loader:1427:10)\n    at Module.load (node:internal/modules/cjs/loader:1206:32)\n    at Module._load (node:internal/modules/cjs/loader:1022:12)\n    at Module.require (node:internal/modules/cjs/loader:1231:19)\n    at require (node:internal/modules/helpers:179:18)\n    at Object.<anonymous> (E:\\learn-code\\backend-pos\\routes\\productRoute.js:12:5)\n    at Module._compile (node:internal/modules/cjs/loader:1369:14)\n    at Module._extensions..js (node:internal/modules/cjs/loader:1427:10)","os":{"loadavg":[0,0,0],"uptime":229087.515},"process":{"argv":["C:\\Program Files\\nodejs\\node.exe","E:\\learn-code\\backend-pos\\server.js"],"cwd":"E:\\learn-code\\backend-pos","execPath":"C:\\Program Files\\nodejs\\node.exe","gid":null,"memoryUsage":{"arrayBuffers":18262463,"external":20949753,"heapTotal":35000320,"heapUsed":24607856,"rss":67731456},"pid":23512,"uid":null,"version":"v20.12.2"},"stack":"ReferenceError: multer is not defined\n    at Object.<anonymous> (E:\\learn-code\\backend-pos\\controllers\\product.js:128:16)\n    at Module._compile (node:internal/modules/cjs/loader:1369:14)\n    at Module._extensions..js (node:internal/modules/cjs/loader:1427:10)\n    at Module.load (node:internal/modules/cjs/loader:1206:32)\n    at Module._load (node:internal/modules/cjs/loader:1022:12)\n    at Module.require (node:internal/modules/cjs/loader:1231:19)\n    at require (node:internal/modules/helpers:179:18)\n    at Object.<anonymous> (E:\\learn-code\\backend-pos\\routes\\productRoute.js:12:5)\n    at Module._compile (node:internal/modules/cjs/loader:1369:14)\n    at Module._extensions..js (node:internal/modules/cjs/loader:1427:10)","trace":[{"column":16,"file":"E:\\learn-code\\backend-pos\\controllers\\product.js","function":null,"line":128,"method":null,"native":false},{"column":14,"file":"node:internal/modules/cjs/loader","function":"Module._compile","line":1369,"method":"_compile","native":false},{"column":10,"file":"node:internal/modules/cjs/loader","function":"Module._extensions..js","line":1427,"method":".js","native":false},{"column":32,"file":"node:internal/modules/cjs/loader","function":"Module.load","line":1206,"method":"load","native":false},{"column":12,"file":"node:internal/modules/cjs/loader","function":"Module._load","line":1022,"method":"_load","native":false},{"column":19,"file":"node:internal/modules/cjs/loader","function":"Module.require","line":1231,"method":"require","native":false},{"column":18,"file":"node:internal/modules/helpers","function":"require","line":179,"method":null,"native":false},{"column":5,"file":"E:\\learn-code\\backend-pos\\routes\\productRoute.js","function":null,"line":12,"method":null,"native":false},{"column":14,"file":"node:internal/modules/cjs/loader","function":"Module._compile","line":1369,"method":"_compile","native":false},{"column":10,"file":"node:internal/modules/cjs/loader","function":"Module._extensions..js","line":1427,"method":".js","native":false}]}
{"date":"Fri Apr 25 2025 01:57:48 GMT+0700 (Indochina Time)","error":{},"exception":true,"level":"error","message":"uncaughtException: multer is not defined\nReferenceError: multer is not defined\n    at Object.<anonymous> (E:\\learn-code\\backend-pos\\controllers\\product.js:128:16)\n    at Module._compile (node:internal/modules/cjs/loader:1369:14)\n    at Module._extensions..js (node:internal/modules/cjs/loader:1427:10)\n    at Module.load (node:internal/modules/cjs/loader:1206:32)\n    at Module._load (node:internal/modules/cjs/loader:1022:12)\n    at Module.require (node:internal/modules/cjs/loader:1231:19)\n    at require (node:internal/modules/helpers:179:18)\n    at Object.<anonymous> (E:\\learn-code\\backend-pos\\routes\\productRoute.js:12:5)\n    at Module._compile (node:internal/modules/cjs/loader:1369:14)\n    at Module._extensions..js (node:internal/modules/cjs/loader:1427:10)","os":{"loadavg":[0,0,0],"uptime":229117.828},"process":{"argv":["C:\\Program Files\\nodejs\\node.exe","E:\\learn-code\\backend-pos\\server.js"],"cwd":"E:\\learn-code\\backend-pos","execPath":"C:\\Program Files\\nodejs\\node.exe","gid":null,"memoryUsage":{"arrayBuffers":18262463,"external":20949753,"heapTotal":35000320,"heapUsed":24360928,"rss":67346432},"pid":3116,"uid":null,"version":"v20.12.2"},"stack":"ReferenceError: multer is not defined\n    at Object.<anonymous> (E:\\learn-code\\backend-pos\\controllers\\product.js:128:16)\n    at Module._compile (node:internal/modules/cjs/loader:1369:14)\n    at Module._extensions..js (node:internal/modules/cjs/loader:1427:10)\n    at Module.load (node:internal/modules/cjs/loader:1206:32)\n    at Module._load (node:internal/modules/cjs/loader:1022:12)\n    at Module.require (node:internal/modules/cjs/loader:1231:19)\n    at require (node:internal/modules/helpers:179:18)\n    at Object.<anonymous> (E:\\learn-code\\backend-pos\\routes\\productRoute.js:12:5)\n    at Module._compile (node:internal/modules/cjs/loader:1369:14)\n    at Module._extensions..js (node:internal/modules/cjs/loader:1427:10)","trace":[{"column":16,"file":"E:\\learn-code\\backend-pos\\controllers\\product.js","function":null,"line":128,"method":null,"native":false},{"column":14,"file":"node:internal/modules/cjs/loader","function":"Module._compile","line":1369,"method":"_compile","native":false},{"column":10,"file":"node:internal/modules/cjs/loader","function":"Module._extensions..js","line":1427,"method":".js","native":false},{"column":32,"file":"node:internal/modules/cjs/loader","function":"Module.load","line":1206,"method":"load","native":false},{"column":12,"file":"node:internal/modules/cjs/loader","function":"Module._load","line":1022,"method":"_load","native":false},{"column":19,"file":"node:internal/modules/cjs/loader","function":"Module.require","line":1231,"method":"require","native":false},{"column":18,"file":"node:internal/modules/helpers","function":"require","line":179,"method":null,"native":false},{"column":5,"file":"E:\\learn-code\\backend-pos\\routes\\productRoute.js","function":null,"line":12,"method":null,"native":false},{"column":14,"file":"node:internal/modules/cjs/loader","function":"Module._compile","line":1369,"method":"_compile","native":false},{"column":10,"file":"node:internal/modules/cjs/loader","function":"Module._extensions..js","line":1427,"method":".js","native":false}]}
{"date":"Fri Apr 25 2025 01:59:28 GMT+0700 (Indochina Time)","error":{},"exception":true,"level":"error","message":"uncaughtException: multer is not defined\nReferenceError: multer is not defined\n    at Object.<anonymous> (E:\\learn-code\\backend-pos\\controllers\\product.js:128:16)\n    at Module._compile (node:internal/modules/cjs/loader:1369:14)\n    at Module._extensions..js (node:internal/modules/cjs/loader:1427:10)\n    at Module.load (node:internal/modules/cjs/loader:1206:32)\n    at Module._load (node:internal/modules/cjs/loader:1022:12)\n    at Module.require (node:internal/modules/cjs/loader:1231:19)\n    at require (node:internal/modules/helpers:179:18)\n    at Object.<anonymous> (E:\\learn-code\\backend-pos\\routes\\productRoute.js:12:5)\n    at Module._compile (node:internal/modules/cjs/loader:1369:14)\n    at Module._extensions..js (node:internal/modules/cjs/loader:1427:10)","os":{"loadavg":[0,0,0],"uptime":229218.171},"process":{"argv":["C:\\Program Files\\nodejs\\node.exe","E:\\learn-code\\backend-pos\\server.js"],"cwd":"E:\\learn-code\\backend-pos","execPath":"C:\\Program Files\\nodejs\\node.exe","gid":null,"memoryUsage":{"arrayBuffers":18262463,"external":20949753,"heapTotal":35262464,"heapUsed":24501848,"rss":67743744},"pid":10272,"uid":null,"version":"v20.12.2"},"stack":"ReferenceError: multer is not defined\n    at Object.<anonymous> (E:\\learn-code\\backend-pos\\controllers\\product.js:128:16)\n    at Module._compile (node:internal/modules/cjs/loader:1369:14)\n    at Module._extensions..js (node:internal/modules/cjs/loader:1427:10)\n    at Module.load (node:internal/modules/cjs/loader:1206:32)\n    at Module._load (node:internal/modules/cjs/loader:1022:12)\n    at Module.require (node:internal/modules/cjs/loader:1231:19)\n    at require (node:internal/modules/helpers:179:18)\n    at Object.<anonymous> (E:\\learn-code\\backend-pos\\routes\\productRoute.js:12:5)\n    at Module._compile (node:internal/modules/cjs/loader:1369:14)\n    at Module._extensions..js (node:internal/modules/cjs/loader:1427:10)","trace":[{"column":16,"file":"E:\\learn-code\\backend-pos\\controllers\\product.js","function":null,"line":128,"method":null,"native":false},{"column":14,"file":"node:internal/modules/cjs/loader","function":"Module._compile","line":1369,"method":"_compile","native":false},{"column":10,"file":"node:internal/modules/cjs/loader","function":"Module._extensions..js","line":1427,"method":".js","native":false},{"column":32,"file":"node:internal/modules/cjs/loader","function":"Module.load","line":1206,"method":"load","native":false},{"column":12,"file":"node:internal/modules/cjs/loader","function":"Module._load","line":1022,"method":"_load","native":false},{"column":19,"file":"node:internal/modules/cjs/loader","function":"Module.require","line":1231,"method":"require","native":false},{"column":18,"file":"node:internal/modules/helpers","function":"require","line":179,"method":null,"native":false},{"column":5,"file":"E:\\learn-code\\backend-pos\\routes\\productRoute.js","function":null,"line":12,"method":null,"native":false},{"column":14,"file":"node:internal/modules/cjs/loader","function":"Module._compile","line":1369,"method":"_compile","native":false},{"column":10,"file":"node:internal/modules/cjs/loader","function":"Module._extensions..js","line":1427,"method":".js","native":false}]}
{"date":"Fri Apr 25 2025 01:59:59 GMT+0700 (Indochina Time)","error":{},"exception":true,"level":"error","message":"uncaughtException: multer is not defined\nReferenceError: multer is not defined\n    at Object.<anonymous> (E:\\learn-code\\backend-pos\\controllers\\product.js:128:16)\n    at Module._compile (node:internal/modules/cjs/loader:1369:14)\n    at Module._extensions..js (node:internal/modules/cjs/loader:1427:10)\n    at Module.load (node:internal/modules/cjs/loader:1206:32)\n    at Module._load (node:internal/modules/cjs/loader:1022:12)\n    at Module.require (node:internal/modules/cjs/loader:1231:19)\n    at require (node:internal/modules/helpers:179:18)\n    at Object.<anonymous> (E:\\learn-code\\backend-pos\\routes\\productRoute.js:12:5)\n    at Module._compile (node:internal/modules/cjs/loader:1369:14)\n    at Module._extensions..js (node:internal/modules/cjs/loader:1427:10)","os":{"loadavg":[0,0,0],"uptime":229249.406},"process":{"argv":["C:\\Program Files\\nodejs\\node.exe","E:\\learn-code\\backend-pos\\server.js"],"cwd":"E:\\learn-code\\backend-pos","execPath":"C:\\Program Files\\nodejs\\node.exe","gid":null,"memoryUsage":{"arrayBuffers":18262463,"external":20949753,"heapTotal":34467840,"heapUsed":23263640,"rss":66490368},"pid":26216,"uid":null,"version":"v20.12.2"},"stack":"ReferenceError: multer is not defined\n    at Object.<anonymous> (E:\\learn-code\\backend-pos\\controllers\\product.js:128:16)\n    at Module._compile (node:internal/modules/cjs/loader:1369:14)\n    at Module._extensions..js (node:internal/modules/cjs/loader:1427:10)\n    at Module.load (node:internal/modules/cjs/loader:1206:32)\n    at Module._load (node:internal/modules/cjs/loader:1022:12)\n    at Module.require (node:internal/modules/cjs/loader:1231:19)\n    at require (node:internal/modules/helpers:179:18)\n    at Object.<anonymous> (E:\\learn-code\\backend-pos\\routes\\productRoute.js:12:5)\n    at Module._compile (node:internal/modules/cjs/loader:1369:14)\n    at Module._extensions..js (node:internal/modules/cjs/loader:1427:10)","trace":[{"column":16,"file":"E:\\learn-code\\backend-pos\\controllers\\product.js","function":null,"line":128,"method":null,"native":false},{"column":14,"file":"node:internal/modules/cjs/loader","function":"Module._compile","line":1369,"method":"_compile","native":false},{"column":10,"file":"node:internal/modules/cjs/loader","function":"Module._extensions..js","line":1427,"method":".js","native":false},{"column":32,"file":"node:internal/modules/cjs/loader","function":"Module.load","line":1206,"method":"load","native":false},{"column":12,"file":"node:internal/modules/cjs/loader","function":"Module._load","line":1022,"method":"_load","native":false},{"column":19,"file":"node:internal/modules/cjs/loader","function":"Module.require","line":1231,"method":"require","native":false},{"column":18,"file":"node:internal/modules/helpers","function":"require","line":179,"method":null,"native":false},{"column":5,"file":"E:\\learn-code\\backend-pos\\routes\\productRoute.js","function":null,"line":12,"method":null,"native":false},{"column":14,"file":"node:internal/modules/cjs/loader","function":"Module._compile","line":1369,"method":"_compile","native":false},{"column":10,"file":"node:internal/modules/cjs/loader","function":"Module._extensions..js","line":1427,"method":".js","native":false}]}
{"date":"Fri Apr 25 2025 02:00:07 GMT+0700 (Indochina Time)","error":{},"exception":true,"level":"error","message":"uncaughtException: multer is not defined\nReferenceError: multer is not defined\n    at Object.<anonymous> (E:\\learn-code\\backend-pos\\controllers\\product.js:128:16)\n    at Module._compile (node:internal/modules/cjs/loader:1369:14)\n    at Module._extensions..js (node:internal/modules/cjs/loader:1427:10)\n    at Module.load (node:internal/modules/cjs/loader:1206:32)\n    at Module._load (node:internal/modules/cjs/loader:1022:12)\n    at Module.require (node:internal/modules/cjs/loader:1231:19)\n    at require (node:internal/modules/helpers:179:18)\n    at Object.<anonymous> (E:\\learn-code\\backend-pos\\routes\\productRoute.js:12:5)\n    at Module._compile (node:internal/modules/cjs/loader:1369:14)\n    at Module._extensions..js (node:internal/modules/cjs/loader:1427:10)","os":{"loadavg":[0,0,0],"uptime":229257.312},"process":{"argv":["C:\\Program Files\\nodejs\\node.exe","E:\\learn-code\\backend-pos\\server.js"],"cwd":"E:\\learn-code\\backend-pos","execPath":"C:\\Program Files\\nodejs\\node.exe","gid":null,"memoryUsage":{"arrayBuffers":18262463,"external":20949753,"heapTotal":34738176,"heapUsed":24490472,"rss":67551232},"pid":1900,"uid":null,"version":"v20.12.2"},"stack":"ReferenceError: multer is not defined\n    at Object.<anonymous> (E:\\learn-code\\backend-pos\\controllers\\product.js:128:16)\n    at Module._compile (node:internal/modules/cjs/loader:1369:14)\n    at Module._extensions..js (node:internal/modules/cjs/loader:1427:10)\n    at Module.load (node:internal/modules/cjs/loader:1206:32)\n    at Module._load (node:internal/modules/cjs/loader:1022:12)\n    at Module.require (node:internal/modules/cjs/loader:1231:19)\n    at require (node:internal/modules/helpers:179:18)\n    at Object.<anonymous> (E:\\learn-code\\backend-pos\\routes\\productRoute.js:12:5)\n    at Module._compile (node:internal/modules/cjs/loader:1369:14)\n    at Module._extensions..js (node:internal/modules/cjs/loader:1427:10)","trace":[{"column":16,"file":"E:\\learn-code\\backend-pos\\controllers\\product.js","function":null,"line":128,"method":null,"native":false},{"column":14,"file":"node:internal/modules/cjs/loader","function":"Module._compile","line":1369,"method":"_compile","native":false},{"column":10,"file":"node:internal/modules/cjs/loader","function":"Module._extensions..js","line":1427,"method":".js","native":false},{"column":32,"file":"node:internal/modules/cjs/loader","function":"Module.load","line":1206,"method":"load","native":false},{"column":12,"file":"node:internal/modules/cjs/loader","function":"Module._load","line":1022,"method":"_load","native":false},{"column":19,"file":"node:internal/modules/cjs/loader","function":"Module.require","line":1231,"method":"require","native":false},{"column":18,"file":"node:internal/modules/helpers","function":"require","line":179,"method":null,"native":false},{"column":5,"file":"E:\\learn-code\\backend-pos\\routes\\productRoute.js","function":null,"line":12,"method":null,"native":false},{"column":14,"file":"node:internal/modules/cjs/loader","function":"Module._compile","line":1369,"method":"_compile","native":false},{"column":10,"file":"node:internal/modules/cjs/loader","function":"Module._extensions..js","line":1427,"method":".js","native":false}]}
{"date":"Fri Apr 25 2025 02:00:40 GMT+0700 (Indochina Time)","error":{},"exception":true,"level":"error","message":"uncaughtException: authorize is not defined\nReferenceError: authorize is not defined\n    at Object.<anonymous> (E:\\learn-code\\backend-pos\\routes\\authRoute.js:12:32)\n    at Module._compile (node:internal/modules/cjs/loader:1369:14)\n    at Module._extensions..js (node:internal/modules/cjs/loader:1427:10)\n    at Module.load (node:internal/modules/cjs/loader:1206:32)\n    at Module._load (node:internal/modules/cjs/loader:1022:12)\n    at Module.require (node:internal/modules/cjs/loader:1231:19)\n    at require (node:internal/modules/helpers:179:18)\n    at Object.<anonymous> (E:\\learn-code\\backend-pos\\server.js:14:14)\n    at Module._compile (node:internal/modules/cjs/loader:1369:14)\n    at Module._extensions..js (node:internal/modules/cjs/loader:1427:10)","os":{"loadavg":[0,0,0],"uptime":229290.375},"process":{"argv":["C:\\Program Files\\nodejs\\node.exe","E:\\learn-code\\backend-pos\\server.js"],"cwd":"E:\\learn-code\\backend-pos","execPath":"C:\\Program Files\\nodejs\\node.exe","gid":null,"memoryUsage":{"arrayBuffers":18262463,"external":20949753,"heapTotal":34205696,"heapUsed":22703248,"rss":65900544},"pid":5368,"uid":null,"version":"v20.12.2"},"stack":"ReferenceError: authorize is not defined\n    at Object.<anonymous> (E:\\learn-code\\backend-pos\\routes\\authRoute.js:12:32)\n    at Module._compile (node:internal/modules/cjs/loader:1369:14)\n    at Module._extensions..js (node:internal/modules/cjs/loader:1427:10)\n    at Module.load (node:internal/modules/cjs/loader:1206:32)\n    at Module._load (node:internal/modules/cjs/loader:1022:12)\n    at Module.require (node:internal/modules/cjs/loader:1231:19)\n    at require (node:internal/modules/helpers:179:18)\n    at Object.<anonymous> (E:\\learn-code\\backend-pos\\server.js:14:14)\n    at Module._compile (node:internal/modules/cjs/loader:1369:14)\n    at Module._extensions..js (node:internal/modules/cjs/loader:1427:10)","trace":[{"column":32,"file":"E:\\learn-code\\backend-pos\\routes\\authRoute.js","function":null,"line":12,"method":null,"native":false},{"column":14,"file":"node:internal/modules/cjs/loader","function":"Module._compile","line":1369,"method":"_compile","native":false},{"column":10,"file":"node:internal/modules/cjs/loader","function":"Module._extensions..js","line":1427,"method":".js","native":false},{"column":32,"file":"node:internal/modules/cjs/loader","function":"Module.load","line":1206,"method":"load","native":false},{"column":12,"file":"node:internal/modules/cjs/loader","function":"Module._load","line":1022,"method":"_load","native":false},{"column":19,"file":"node:internal/modules/cjs/loader","function":"Module.require","line":1231,"method":"require","native":false},{"column":18,"file":"node:internal/modules/helpers","function":"require","line":179,"method":null,"native":false},{"column":14,"file":"E:\\learn-code\\backend-pos\\server.js","function":null,"line":14,"method":null,"native":false},{"column":14,"file":"node:internal/modules/cjs/loader","function":"Module._compile","line":1369,"method":"_compile","native":false},{"column":10,"file":"node:internal/modules/cjs/loader","function":"Module._extensions..js","line":1427,"method":".js","native":false}]}
{"date":"Fri Apr 25 2025 02:01:49 GMT+0700 (Indochina Time)","error":{},"exception":true,"level":"error","message":"uncaughtException: authorize is not defined\nReferenceError: authorize is not defined\n    at Object.<anonymous> (E:\\learn-code\\backend-pos\\routes\\authRoute.js:12:32)\n    at Module._compile (node:internal/modules/cjs/loader:1369:14)\n    at Module._extensions..js (node:internal/modules/cjs/loader:1427:10)\n    at Module.load (node:internal/modules/cjs/loader:1206:32)\n    at Module._load (node:internal/modules/cjs/loader:1022:12)\n    at Module.require (node:internal/modules/cjs/loader:1231:19)\n    at require (node:internal/modules/helpers:179:18)\n    at Object.<anonymous> (E:\\learn-code\\backend-pos\\server.js:14:14)\n    at Module._compile (node:internal/modules/cjs/loader:1369:14)\n    at Module._extensions..js (node:internal/modules/cjs/loader:1427:10)","os":{"loadavg":[0,0,0],"uptime":229359.171},"process":{"argv":["C:\\Program Files\\nodejs\\node.exe","E:\\learn-code\\backend-pos\\server.js"],"cwd":"E:\\learn-code\\backend-pos","execPath":"C:\\Program Files\\nodejs\\node.exe","gid":null,"memoryUsage":{"arrayBuffers":18262463,"external":20949753,"heapTotal":34738176,"heapUsed":23958040,"rss":67272704},"pid":14416,"uid":null,"version":"v20.12.2"},"stack":"ReferenceError: authorize is not defined\n    at Object.<anonymous> (E:\\learn-code\\backend-pos\\routes\\authRoute.js:12:32)\n    at Module._compile (node:internal/modules/cjs/loader:1369:14)\n    at Module._extensions..js (node:internal/modules/cjs/loader:1427:10)\n    at Module.load (node:internal/modules/cjs/loader:1206:32)\n    at Module._load (node:internal/modules/cjs/loader:1022:12)\n    at Module.require (node:internal/modules/cjs/loader:1231:19)\n    at require (node:internal/modules/helpers:179:18)\n    at Object.<anonymous> (E:\\learn-code\\backend-pos\\server.js:14:14)\n    at Module._compile (node:internal/modules/cjs/loader:1369:14)\n    at Module._extensions..js (node:internal/modules/cjs/loader:1427:10)","trace":[{"column":32,"file":"E:\\learn-code\\backend-pos\\routes\\authRoute.js","function":null,"line":12,"method":null,"native":false},{"column":14,"file":"node:internal/modules/cjs/loader","function":"Module._compile","line":1369,"method":"_compile","native":false},{"column":10,"file":"node:internal/modules/cjs/loader","function":"Module._extensions..js","line":1427,"method":".js","native":false},{"column":32,"file":"node:internal/modules/cjs/loader","function":"Module.load","line":1206,"method":"load","native":false},{"column":12,"file":"node:internal/modules/cjs/loader","function":"Module._load","line":1022,"method":"_load","native":false},{"column":19,"file":"node:internal/modules/cjs/loader","function":"Module.require","line":1231,"method":"require","native":false},{"column":18,"file":"node:internal/modules/helpers","function":"require","line":179,"method":null,"native":false},{"column":14,"file":"E:\\learn-code\\backend-pos\\server.js","function":null,"line":14,"method":null,"native":false},{"column":14,"file":"node:internal/modules/cjs/loader","function":"Module._compile","line":1369,"method":"_compile","native":false},{"column":10,"file":"node:internal/modules/cjs/loader","function":"Module._extensions..js","line":1427,"method":".js","native":false}]}
{"date":"Fri Apr 25 2025 02:03:25 GMT+0700 (Indochina Time)","error":{},"exception":true,"level":"error","message":"uncaughtException: authorize is not defined\nReferenceError: authorize is not defined\n    at Object.<anonymous> (E:\\learn-code\\backend-pos\\routes\\authRoute.js:12:32)\n    at Module._compile (node:internal/modules/cjs/loader:1369:14)\n    at Module._extensions..js (node:internal/modules/cjs/loader:1427:10)\n    at Module.load (node:internal/modules/cjs/loader:1206:32)\n    at Module._load (node:internal/modules/cjs/loader:1022:12)\n    at Module.require (node:internal/modules/cjs/loader:1231:19)\n    at require (node:internal/modules/helpers:179:18)\n    at Object.<anonymous> (E:\\learn-code\\backend-pos\\server.js:14:14)\n    at Module._compile (node:internal/modules/cjs/loader:1369:14)\n    at Module._extensions..js (node:internal/modules/cjs/loader:1427:10)","os":{"loadavg":[0,0,0],"uptime":229455.343},"process":{"argv":["C:\\Program Files\\nodejs\\node.exe","E:\\learn-code\\backend-pos\\server.js"],"cwd":"E:\\learn-code\\backend-pos","execPath":"C:\\Program Files\\nodejs\\node.exe","gid":null,"memoryUsage":{"arrayBuffers":18262463,"external":20949753,"heapTotal":34476032,"heapUsed":23893120,"rss":67440640},"pid":19356,"uid":null,"version":"v20.12.2"},"stack":"ReferenceError: authorize is not defined\n    at Object.<anonymous> (E:\\learn-code\\backend-pos\\routes\\authRoute.js:12:32)\n    at Module._compile (node:internal/modules/cjs/loader:1369:14)\n    at Module._extensions..js (node:internal/modules/cjs/loader:1427:10)\n    at Module.load (node:internal/modules/cjs/loader:1206:32)\n    at Module._load (node:internal/modules/cjs/loader:1022:12)\n    at Module.require (node:internal/modules/cjs/loader:1231:19)\n    at require (node:internal/modules/helpers:179:18)\n    at Object.<anonymous> (E:\\learn-code\\backend-pos\\server.js:14:14)\n    at Module._compile (node:internal/modules/cjs/loader:1369:14)\n    at Module._extensions..js (node:internal/modules/cjs/loader:1427:10)","trace":[{"column":32,"file":"E:\\learn-code\\backend-pos\\routes\\authRoute.js","function":null,"line":12,"method":null,"native":false},{"column":14,"file":"node:internal/modules/cjs/loader","function":"Module._compile","line":1369,"method":"_compile","native":false},{"column":10,"file":"node:internal/modules/cjs/loader","function":"Module._extensions..js","line":1427,"method":".js","native":false},{"column":32,"file":"node:internal/modules/cjs/loader","function":"Module.load","line":1206,"method":"load","native":false},{"column":12,"file":"node:internal/modules/cjs/loader","function":"Module._load","line":1022,"method":"_load","native":false},{"column":19,"file":"node:internal/modules/cjs/loader","function":"Module.require","line":1231,"method":"require","native":false},{"column":18,"file":"node:internal/modules/helpers","function":"require","line":179,"method":null,"native":false},{"column":14,"file":"E:\\learn-code\\backend-pos\\server.js","function":null,"line":14,"method":null,"native":false},{"column":14,"file":"node:internal/modules/cjs/loader","function":"Module._compile","line":1369,"method":"_compile","native":false},{"column":10,"file":"node:internal/modules/cjs/loader","function":"Module._extensions..js","line":1427,"method":".js","native":false}]}
{"date":"Fri Apr 25 2025 02:03:46 GMT+0700 (Indochina Time)","error":{},"exception":true,"level":"error","message":"uncaughtException: authorize is not defined\nReferenceError: authorize is not defined\n    at Object.<anonymous> (E:\\learn-code\\backend-pos\\routes\\authRoute.js:12:32)\n    at Module._compile (node:internal/modules/cjs/loader:1369:14)\n    at Module._extensions..js (node:internal/modules/cjs/loader:1427:10)\n    at Module.load (node:internal/modules/cjs/loader:1206:32)\n    at Module._load (node:internal/modules/cjs/loader:1022:12)\n    at Module.require (node:internal/modules/cjs/loader:1231:19)\n    at require (node:internal/modules/helpers:179:18)\n    at Object.<anonymous> (E:\\learn-code\\backend-pos\\server.js:14:14)\n    at Module._compile (node:internal/modules/cjs/loader:1369:14)\n    at Module._extensions..js (node:internal/modules/cjs/loader:1427:10)","os":{"loadavg":[0,0,0],"uptime":229476.421},"process":{"argv":["C:\\Program Files\\nodejs\\node.exe","E:\\learn-code\\backend-pos\\server.js"],"cwd":"E:\\learn-code\\backend-pos","execPath":"C:\\Program Files\\nodejs\\node.exe","gid":null,"memoryUsage":{"arrayBuffers":18262463,"external":20949753,"heapTotal":34205696,"heapUsed":22905904,"rss":66007040},"pid":20272,"uid":null,"version":"v20.12.2"},"stack":"ReferenceError: authorize is not defined\n    at Object.<anonymous> (E:\\learn-code\\backend-pos\\routes\\authRoute.js:12:32)\n    at Module._compile (node:internal/modules/cjs/loader:1369:14)\n    at Module._extensions..js (node:internal/modules/cjs/loader:1427:10)\n    at Module.load (node:internal/modules/cjs/loader:1206:32)\n    at Module._load (node:internal/modules/cjs/loader:1022:12)\n    at Module.require (node:internal/modules/cjs/loader:1231:19)\n    at require (node:internal/modules/helpers:179:18)\n    at Object.<anonymous> (E:\\learn-code\\backend-pos\\server.js:14:14)\n    at Module._compile (node:internal/modules/cjs/loader:1369:14)\n    at Module._extensions..js (node:internal/modules/cjs/loader:1427:10)","trace":[{"column":32,"file":"E:\\learn-code\\backend-pos\\routes\\authRoute.js","function":null,"line":12,"method":null,"native":false},{"column":14,"file":"node:internal/modules/cjs/loader","function":"Module._compile","line":1369,"method":"_compile","native":false},{"column":10,"file":"node:internal/modules/cjs/loader","function":"Module._extensions..js","line":1427,"method":".js","native":false},{"column":32,"file":"node:internal/modules/cjs/loader","function":"Module.load","line":1206,"method":"load","native":false},{"column":12,"file":"node:internal/modules/cjs/loader","function":"Module._load","line":1022,"method":"_load","native":false},{"column":19,"file":"node:internal/modules/cjs/loader","function":"Module.require","line":1231,"method":"require","native":false},{"column":18,"file":"node:internal/modules/helpers","function":"require","line":179,"method":null,"native":false},{"column":14,"file":"E:\\learn-code\\backend-pos\\server.js","function":null,"line":14,"method":null,"native":false},{"column":14,"file":"node:internal/modules/cjs/loader","function":"Module._compile","line":1369,"method":"_compile","native":false},{"column":10,"file":"node:internal/modules/cjs/loader","function":"Module._extensions..js","line":1427,"method":".js","native":false}]}
{"date":"Fri Apr 25 2025 02:05:21 GMT+0700 (Indochina Time)","error":{"code":"MODULE_NOT_FOUND","requireStack":["E:\\learn-code\\backend-pos\\controllers\\auth.js","E:\\learn-code\\backend-pos\\routes\\authRoute.js","E:\\learn-code\\backend-pos\\server.js"]},"exception":true,"level":"error","message":"uncaughtException: Cannot find module '../utils/logger'\nRequire stack:\n- E:\\learn-code\\backend-pos\\controllers\\auth.js\n- E:\\learn-code\\backend-pos\\routes\\authRoute.js\n- E:\\learn-code\\backend-pos\\server.js\nError: Cannot find module '../utils/logger'\nRequire stack:\n- E:\\learn-code\\backend-pos\\controllers\\auth.js\n- E:\\learn-code\\backend-pos\\routes\\authRoute.js\n- E:\\learn-code\\backend-pos\\server.js\n    at Module._resolveFilename (node:internal/modules/cjs/loader:1143:15)\n    at Module._load (node:internal/modules/cjs/loader:984:27)\n    at Module.require (node:internal/modules/cjs/loader:1231:19)\n    at require (node:internal/modules/helpers:179:18)\n    at Object.<anonymous> (E:\\learn-code\\backend-pos\\controllers\\auth.js:7:16)\n    at Module._compile (node:internal/modules/cjs/loader:1369:14)\n    at Module._extensions..js (node:internal/modules/cjs/loader:1427:10)\n    at Module.load (node:internal/modules/cjs/loader:1206:32)\n    at Module._load (node:internal/modules/cjs/loader:1022:12)\n    at Module.require (node:internal/modules/cjs/loader:1231:19)","os":{"loadavg":[0,0,0],"uptime":229570.765},"process":{"argv":["C:\\Program Files\\nodejs\\node.exe","E:\\learn-code\\backend-pos\\server.js"],"cwd":"E:\\learn-code\\backend-pos","execPath":"C:\\Program Files\\nodejs\\node.exe","gid":null,"memoryUsage":{"arrayBuffers":18262463,"external":20949753,"heapTotal":34738176,"heapUsed":23550952,"rss":67600384},"pid":22772,"uid":null,"version":"v20.12.2"},"stack":"Error: Cannot find module '../utils/logger'\nRequire stack:\n- E:\\learn-code\\backend-pos\\controllers\\auth.js\n- E:\\learn-code\\backend-pos\\routes\\authRoute.js\n- E:\\learn-code\\backend-pos\\server.js\n    at Module._resolveFilename (node:internal/modules/cjs/loader:1143:15)\n    at Module._load (node:internal/modules/cjs/loader:984:27)\n    at Module.require (node:internal/modules/cjs/loader:1231:19)\n    at require (node:internal/modules/helpers:179:18)\n    at Object.<anonymous> (E:\\learn-code\\backend-pos\\controllers\\auth.js:7:16)\n    at Module._compile (node:internal/modules/cjs/loader:1369:14)\n    at Module._extensions..js (node:internal/modules/cjs/loader:1427:10)\n    at Module.load (node:internal/modules/cjs/loader:1206:32)\n    at Module._load (node:internal/modules/cjs/loader:1022:12)\n    at Module.require (node:internal/modules/cjs/loader:1231:19)","trace":[{"column":15,"file":"node:internal/modules/cjs/loader","function":"Module._resolveFilename","line":1143,"method":"_resolveFilename","native":false},{"column":27,"file":"node:internal/modules/cjs/loader","function":"Module._load","line":984,"method":"_load","native":false},{"column":19,"file":"node:internal/modules/cjs/loader","function":"Module.require","line":1231,"method":"require","native":false},{"column":18,"file":"node:internal/modules/helpers","function":"require","line":179,"method":null,"native":false},{"column":16,"file":"E:\\learn-code\\backend-pos\\controllers\\auth.js","function":null,"line":7,"method":null,"native":false},{"column":14,"file":"node:internal/modules/cjs/loader","function":"Module._compile","line":1369,"method":"_compile","native":false},{"column":10,"file":"node:internal/modules/cjs/loader","function":"Module._extensions..js","line":1427,"method":".js","native":false},{"column":32,"file":"node:internal/modules/cjs/loader","function":"Module.load","line":1206,"method":"load","native":false},{"column":12,"file":"node:internal/modules/cjs/loader","function":"Module._load","line":1022,"method":"_load","native":false},{"column":19,"file":"node:internal/modules/cjs/loader","function":"Module.require","line":1231,"method":"require","native":false}]}
{"date":"Fri Apr 25 2025 02:05:30 GMT+0700 (Indochina Time)","error":{"code":"MODULE_NOT_FOUND","requireStack":["E:\\learn-code\\backend-pos\\controllers\\auth.js","E:\\learn-code\\backend-pos\\routes\\authRoute.js","E:\\learn-code\\backend-pos\\server.js"]},"exception":true,"level":"error","message":"uncaughtException: Cannot find module '../utils/logger'\nRequire stack:\n- E:\\learn-code\\backend-pos\\controllers\\auth.js\n- E:\\learn-code\\backend-pos\\routes\\authRoute.js\n- E:\\learn-code\\backend-pos\\server.js\nError: Cannot find module '../utils/logger'\nRequire stack:\n- E:\\learn-code\\backend-pos\\controllers\\auth.js\n- E:\\learn-code\\backend-pos\\routes\\authRoute.js\n- E:\\learn-code\\backend-pos\\server.js\n    at Module._resolveFilename (node:internal/modules/cjs/loader:1143:15)\n    at Module._load (node:internal/modules/cjs/loader:984:27)\n    at Module.require (node:internal/modules/cjs/loader:1231:19)\n    at require (node:internal/modules/helpers:179:18)\n    at Object.<anonymous> (E:\\learn-code\\backend-pos\\controllers\\auth.js:7:16)\n    at Module._compile (node:internal/modules/cjs/loader:1369:14)\n    at Module._extensions..js (node:internal/modules/cjs/loader:1427:10)\n    at Module.load (node:internal/modules/cjs/loader:1206:32)\n    at Module._load (node:internal/modules/cjs/loader:1022:12)\n    at Module.require (node:internal/modules/cjs/loader:1231:19)","os":{"loadavg":[0,0,0],"uptime":229580.421},"process":{"argv":["C:\\Program Files\\nodejs\\node.exe","E:\\learn-code\\backend-pos\\server.js"],"cwd":"E:\\learn-code\\backend-pos","execPath":"C:\\Program Files\\nodejs\\node.exe","gid":null,"memoryUsage":{"arrayBuffers":18262463,"external":20949753,"heapTotal":34476032,"heapUsed":23847896,"rss":67297280},"pid":26616,"uid":null,"version":"v20.12.2"},"stack":"Error: Cannot find module '../utils/logger'\nRequire stack:\n- E:\\learn-code\\backend-pos\\controllers\\auth.js\n- E:\\learn-code\\backend-pos\\routes\\authRoute.js\n- E:\\learn-code\\backend-pos\\server.js\n    at Module._resolveFilename (node:internal/modules/cjs/loader:1143:15)\n    at Module._load (node:internal/modules/cjs/loader:984:27)\n    at Module.require (node:internal/modules/cjs/loader:1231:19)\n    at require (node:internal/modules/helpers:179:18)\n    at Object.<anonymous> (E:\\learn-code\\backend-pos\\controllers\\auth.js:7:16)\n    at Module._compile (node:internal/modules/cjs/loader:1369:14)\n    at Module._extensions..js (node:internal/modules/cjs/loader:1427:10)\n    at Module.load (node:internal/modules/cjs/loader:1206:32)\n    at Module._load (node:internal/modules/cjs/loader:1022:12)\n    at Module.require (node:internal/modules/cjs/loader:1231:19)","trace":[{"column":15,"file":"node:internal/modules/cjs/loader","function":"Module._resolveFilename","line":1143,"method":"_resolveFilename","native":false},{"column":27,"file":"node:internal/modules/cjs/loader","function":"Module._load","line":984,"method":"_load","native":false},{"column":19,"file":"node:internal/modules/cjs/loader","function":"Module.require","line":1231,"method":"require","native":false},{"column":18,"file":"node:internal/modules/helpers","function":"require","line":179,"method":null,"native":false},{"column":16,"file":"E:\\learn-code\\backend-pos\\controllers\\auth.js","function":null,"line":7,"method":null,"native":false},{"column":14,"file":"node:internal/modules/cjs/loader","function":"Module._compile","line":1369,"method":"_compile","native":false},{"column":10,"file":"node:internal/modules/cjs/loader","function":"Module._extensions..js","line":1427,"method":".js","native":false},{"column":32,"file":"node:internal/modules/cjs/loader","function":"Module.load","line":1206,"method":"load","native":false},{"column":12,"file":"node:internal/modules/cjs/loader","function":"Module._load","line":1022,"method":"_load","native":false},{"column":19,"file":"node:internal/modules/cjs/loader","function":"Module.require","line":1231,"method":"require","native":false}]}
{"date":"Fri Apr 25 2025 02:06:08 GMT+0700 (Indochina Time)","error":{"code":"MODULE_NOT_FOUND","requireStack":["E:\\learn-code\\backend-pos\\controllers\\auth.js","E:\\learn-code\\backend-pos\\routes\\authRoute.js","E:\\learn-code\\backend-pos\\server.js"]},"exception":true,"level":"error","message":"uncaughtException: Cannot find module '../utils/logger'\nRequire stack:\n- E:\\learn-code\\backend-pos\\controllers\\auth.js\n- E:\\learn-code\\backend-pos\\routes\\authRoute.js\n- E:\\learn-code\\backend-pos\\server.js\nError: Cannot find module '../utils/logger'\nRequire stack:\n- E:\\learn-code\\backend-pos\\controllers\\auth.js\n- E:\\learn-code\\backend-pos\\routes\\authRoute.js\n- E:\\learn-code\\backend-pos\\server.js\n    at Module._resolveFilename (node:internal/modules/cjs/loader:1143:15)\n    at Module._load (node:internal/modules/cjs/loader:984:27)\n    at Module.require (node:internal/modules/cjs/loader:1231:19)\n    at require (node:internal/modules/helpers:179:18)\n    at Object.<anonymous> (E:\\learn-code\\backend-pos\\controllers\\auth.js:7:16)\n    at Module._compile (node:internal/modules/cjs/loader:1369:14)\n    at Module._extensions..js (node:internal/modules/cjs/loader:1427:10)\n    at Module.load (node:internal/modules/cjs/loader:1206:32)\n    at Module._load (node:internal/modules/cjs/loader:1022:12)\n    at Module.require (node:internal/modules/cjs/loader:1231:19)","os":{"loadavg":[0,0,0],"uptime":229618.218},"process":{"argv":["C:\\Program Files\\nodejs\\node.exe","E:\\learn-code\\backend-pos\\server.js"],"cwd":"E:\\learn-code\\backend-pos","execPath":"C:\\Program Files\\nodejs\\node.exe","gid":null,"memoryUsage":{"arrayBuffers":18262463,"external":20949753,"heapTotal":34476032,"heapUsed":23402176,"rss":67440640},"pid":20528,"uid":null,"version":"v20.12.2"},"stack":"Error: Cannot find module '../utils/logger'\nRequire stack:\n- E:\\learn-code\\backend-pos\\controllers\\auth.js\n- E:\\learn-code\\backend-pos\\routes\\authRoute.js\n- E:\\learn-code\\backend-pos\\server.js\n    at Module._resolveFilename (node:internal/modules/cjs/loader:1143:15)\n    at Module._load (node:internal/modules/cjs/loader:984:27)\n    at Module.require (node:internal/modules/cjs/loader:1231:19)\n    at require (node:internal/modules/helpers:179:18)\n    at Object.<anonymous> (E:\\learn-code\\backend-pos\\controllers\\auth.js:7:16)\n    at Module._compile (node:internal/modules/cjs/loader:1369:14)\n    at Module._extensions..js (node:internal/modules/cjs/loader:1427:10)\n    at Module.load (node:internal/modules/cjs/loader:1206:32)\n    at Module._load (node:internal/modules/cjs/loader:1022:12)\n    at Module.require (node:internal/modules/cjs/loader:1231:19)","trace":[{"column":15,"file":"node:internal/modules/cjs/loader","function":"Module._resolveFilename","line":1143,"method":"_resolveFilename","native":false},{"column":27,"file":"node:internal/modules/cjs/loader","function":"Module._load","line":984,"method":"_load","native":false},{"column":19,"file":"node:internal/modules/cjs/loader","function":"Module.require","line":1231,"method":"require","native":false},{"column":18,"file":"node:internal/modules/helpers","function":"require","line":179,"method":null,"native":false},{"column":16,"file":"E:\\learn-code\\backend-pos\\controllers\\auth.js","function":null,"line":7,"method":null,"native":false},{"column":14,"file":"node:internal/modules/cjs/loader","function":"Module._compile","line":1369,"method":"_compile","native":false},{"column":10,"file":"node:internal/modules/cjs/loader","function":"Module._extensions..js","line":1427,"method":".js","native":false},{"column":32,"file":"node:internal/modules/cjs/loader","function":"Module.load","line":1206,"method":"load","native":false},{"column":12,"file":"node:internal/modules/cjs/loader","function":"Module._load","line":1022,"method":"_load","native":false},{"column":19,"file":"node:internal/modules/cjs/loader","function":"Module.require","line":1231,"method":"require","native":false}]}
{"date":"Fri Apr 25 2025 02:06:20 GMT+0700 (Indochina Time)","error":{"code":"MODULE_NOT_FOUND","requireStack":["E:\\learn-code\\backend-pos\\controllers\\auth.js","E:\\learn-code\\backend-pos\\routes\\authRoute.js","E:\\learn-code\\backend-pos\\server.js"]},"exception":true,"level":"error","message":"uncaughtException: Cannot find module '../utils/logger'\nRequire stack:\n- E:\\learn-code\\backend-pos\\controllers\\auth.js\n- E:\\learn-code\\backend-pos\\routes\\authRoute.js\n- E:\\learn-code\\backend-pos\\server.js\nError: Cannot find module '../utils/logger'\nRequire stack:\n- E:\\learn-code\\backend-pos\\controllers\\auth.js\n- E:\\learn-code\\backend-pos\\routes\\authRoute.js\n- E:\\learn-code\\backend-pos\\server.js\n    at Module._resolveFilename (node:internal/modules/cjs/loader:1143:15)\n    at Module._load (node:internal/modules/cjs/loader:984:27)\n    at Module.require (node:internal/modules/cjs/loader:1231:19)\n    at require (node:internal/modules/helpers:179:18)\n    at Object.<anonymous> (E:\\learn-code\\backend-pos\\controllers\\auth.js:7:16)\n    at Module._compile (node:internal/modules/cjs/loader:1369:14)\n    at Module._extensions..js (node:internal/modules/cjs/loader:1427:10)\n    at Module.load (node:internal/modules/cjs/loader:1206:32)\n    at Module._load (node:internal/modules/cjs/loader:1022:12)\n    at Module.require (node:internal/modules/cjs/loader:1231:19)","os":{"loadavg":[0,0,0],"uptime":229630.359},"process":{"argv":["C:\\Program Files\\nodejs\\node.exe","E:\\learn-code\\backend-pos\\server.js"],"cwd":"E:\\learn-code\\backend-pos","execPath":"C:\\Program Files\\nodejs\\node.exe","gid":null,"memoryUsage":{"arrayBuffers":18262463,"external":20949753,"heapTotal":34476032,"heapUsed":23214328,"rss":67186688},"pid":2460,"uid":null,"version":"v20.12.2"},"stack":"Error: Cannot find module '../utils/logger'\nRequire stack:\n- E:\\learn-code\\backend-pos\\controllers\\auth.js\n- E:\\learn-code\\backend-pos\\routes\\authRoute.js\n- E:\\learn-code\\backend-pos\\server.js\n    at Module._resolveFilename (node:internal/modules/cjs/loader:1143:15)\n    at Module._load (node:internal/modules/cjs/loader:984:27)\n    at Module.require (node:internal/modules/cjs/loader:1231:19)\n    at require (node:internal/modules/helpers:179:18)\n    at Object.<anonymous> (E:\\learn-code\\backend-pos\\controllers\\auth.js:7:16)\n    at Module._compile (node:internal/modules/cjs/loader:1369:14)\n    at Module._extensions..js (node:internal/modules/cjs/loader:1427:10)\n    at Module.load (node:internal/modules/cjs/loader:1206:32)\n    at Module._load (node:internal/modules/cjs/loader:1022:12)\n    at Module.require (node:internal/modules/cjs/loader:1231:19)","trace":[{"column":15,"file":"node:internal/modules/cjs/loader","function":"Module._resolveFilename","line":1143,"method":"_resolveFilename","native":false},{"column":27,"file":"node:internal/modules/cjs/loader","function":"Module._load","line":984,"method":"_load","native":false},{"column":19,"file":"node:internal/modules/cjs/loader","function":"Module.require","line":1231,"method":"require","native":false},{"column":18,"file":"node:internal/modules/helpers","function":"require","line":179,"method":null,"native":false},{"column":16,"file":"E:\\learn-code\\backend-pos\\controllers\\auth.js","function":null,"line":7,"method":null,"native":false},{"column":14,"file":"node:internal/modules/cjs/loader","function":"Module._compile","line":1369,"method":"_compile","native":false},{"column":10,"file":"node:internal/modules/cjs/loader","function":"Module._extensions..js","line":1427,"method":".js","native":false},{"column":32,"file":"node:internal/modules/cjs/loader","function":"Module.load","line":1206,"method":"load","native":false},{"column":12,"file":"node:internal/modules/cjs/loader","function":"Module._load","line":1022,"method":"_load","native":false},{"column":19,"file":"node:internal/modules/cjs/loader","function":"Module.require","line":1231,"method":"require","native":false}]}
{"date":"Fri Apr 25 2025 02:10:20 GMT+0700 (Indochina Time)","error":{},"exception":true,"level":"error","message":"uncaughtException: multer is not defined\nReferenceError: multer is not defined\n    at Object.<anonymous> (E:\\learn-code\\backend-pos\\controllers\\product.js:128:16)\n    at Module._compile (node:internal/modules/cjs/loader:1369:14)\n    at Module._extensions..js (node:internal/modules/cjs/loader:1427:10)\n    at Module.load (node:internal/modules/cjs/loader:1206:32)\n    at Module._load (node:internal/modules/cjs/loader:1022:12)\n    at Module.require (node:internal/modules/cjs/loader:1231:19)\n    at require (node:internal/modules/helpers:179:18)\n    at Object.<anonymous> (E:\\learn-code\\backend-pos\\routes\\productRoute.js:12:5)\n    at Module._compile (node:internal/modules/cjs/loader:1369:14)\n    at Module._extensions..js (node:internal/modules/cjs/loader:1427:10)","os":{"loadavg":[0,0,0],"uptime":229870.531},"process":{"argv":["C:\\Program Files\\nodejs\\node.exe","E:\\learn-code\\backend-pos\\server.js"],"cwd":"E:\\learn-code\\backend-pos","execPath":"C:\\Program Files\\nodejs\\node.exe","gid":null,"memoryUsage":{"arrayBuffers":18262463,"external":20949753,"heapTotal":35262464,"heapUsed":24643832,"rss":68145152},"pid":5728,"uid":null,"version":"v20.12.2"},"stack":"ReferenceError: multer is not defined\n    at Object.<anonymous> (E:\\learn-code\\backend-pos\\controllers\\product.js:128:16)\n    at Module._compile (node:internal/modules/cjs/loader:1369:14)\n    at Module._extensions..js (node:internal/modules/cjs/loader:1427:10)\n    at Module.load (node:internal/modules/cjs/loader:1206:32)\n    at Module._load (node:internal/modules/cjs/loader:1022:12)\n    at Module.require (node:internal/modules/cjs/loader:1231:19)\n    at require (node:internal/modules/helpers:179:18)\n    at Object.<anonymous> (E:\\learn-code\\backend-pos\\routes\\productRoute.js:12:5)\n    at Module._compile (node:internal/modules/cjs/loader:1369:14)\n    at Module._extensions..js (node:internal/modules/cjs/loader:1427:10)","trace":[{"column":16,"file":"E:\\learn-code\\backend-pos\\controllers\\product.js","function":null,"line":128,"method":null,"native":false},{"column":14,"file":"node:internal/modules/cjs/loader","function":"Module._compile","line":1369,"method":"_compile","native":false},{"column":10,"file":"node:internal/modules/cjs/loader","function":"Module._extensions..js","line":1427,"method":".js","native":false},{"column":32,"file":"node:internal/modules/cjs/loader","function":"Module.load","line":1206,"method":"load","native":false},{"column":12,"file":"node:internal/modules/cjs/loader","function":"Module._load","line":1022,"method":"_load","native":false},{"column":19,"file":"node:internal/modules/cjs/loader","function":"Module.require","line":1231,"method":"require","native":false},{"column":18,"file":"node:internal/modules/helpers","function":"require","line":179,"method":null,"native":false},{"column":5,"file":"E:\\learn-code\\backend-pos\\routes\\productRoute.js","function":null,"line":12,"method":null,"native":false},{"column":14,"file":"node:internal/modules/cjs/loader","function":"Module._compile","line":1369,"method":"_compile","native":false},{"column":10,"file":"node:internal/modules/cjs/loader","function":"Module._extensions..js","line":1427,"method":".js","native":false}]}
{"date":"Fri Apr 25 2025 02:10:22 GMT+0700 (Indochina Time)","error":{},"exception":true,"level":"error","message":"uncaughtException: multer is not defined\nReferenceError: multer is not defined\n    at Object.<anonymous> (E:\\learn-code\\backend-pos\\controllers\\product.js:128:16)\n    at Module._compile (node:internal/modules/cjs/loader:1369:14)\n    at Module._extensions..js (node:internal/modules/cjs/loader:1427:10)\n    at Module.load (node:internal/modules/cjs/loader:1206:32)\n    at Module._load (node:internal/modules/cjs/loader:1022:12)\n    at Module.require (node:internal/modules/cjs/loader:1231:19)\n    at require (node:internal/modules/helpers:179:18)\n    at Object.<anonymous> (E:\\learn-code\\backend-pos\\routes\\productRoute.js:12:5)\n    at Module._compile (node:internal/modules/cjs/loader:1369:14)\n    at Module._extensions..js (node:internal/modules/cjs/loader:1427:10)","os":{"loadavg":[0,0,0],"uptime":229872.531},"process":{"argv":["C:\\Program Files\\nodejs\\node.exe","E:\\learn-code\\backend-pos\\server.js"],"cwd":"E:\\learn-code\\backend-pos","execPath":"C:\\Program Files\\nodejs\\node.exe","gid":null,"memoryUsage":{"arrayBuffers":18262463,"external":20949753,"heapTotal":34738176,"heapUsed":23882960,"rss":67022848},"pid":26260,"uid":null,"version":"v20.12.2"},"stack":"ReferenceError: multer is not defined\n    at Object.<anonymous> (E:\\learn-code\\backend-pos\\controllers\\product.js:128:16)\n    at Module._compile (node:internal/modules/cjs/loader:1369:14)\n    at Module._extensions..js (node:internal/modules/cjs/loader:1427:10)\n    at Module.load (node:internal/modules/cjs/loader:1206:32)\n    at Module._load (node:internal/modules/cjs/loader:1022:12)\n    at Module.require (node:internal/modules/cjs/loader:1231:19)\n    at require (node:internal/modules/helpers:179:18)\n    at Object.<anonymous> (E:\\learn-code\\backend-pos\\routes\\productRoute.js:12:5)\n    at Module._compile (node:internal/modules/cjs/loader:1369:14)\n    at Module._extensions..js (node:internal/modules/cjs/loader:1427:10)","trace":[{"column":16,"file":"E:\\learn-code\\backend-pos\\controllers\\product.js","function":null,"line":128,"method":null,"native":false},{"column":14,"file":"node:internal/modules/cjs/loader","function":"Module._compile","line":1369,"method":"_compile","native":false},{"column":10,"file":"node:internal/modules/cjs/loader","function":"Module._extensions..js","line":1427,"method":".js","native":false},{"column":32,"file":"node:internal/modules/cjs/loader","function":"Module.load","line":1206,"method":"load","native":false},{"column":12,"file":"node:internal/modules/cjs/loader","function":"Module._load","line":1022,"method":"_load","native":false},{"column":19,"file":"node:internal/modules/cjs/loader","function":"Module.require","line":1231,"method":"require","native":false},{"column":18,"file":"node:internal/modules/helpers","function":"require","line":179,"method":null,"native":false},{"column":5,"file":"E:\\learn-code\\backend-pos\\routes\\productRoute.js","function":null,"line":12,"method":null,"native":false},{"column":14,"file":"node:internal/modules/cjs/loader","function":"Module._compile","line":1369,"method":"_compile","native":false},{"column":10,"file":"node:internal/modules/cjs/loader","function":"Module._extensions..js","line":1427,"method":".js","native":false}]}
{"date":"Fri Apr 25 2025 02:12:31 GMT+0700 (Indochina Time)","error":{},"exception":true,"level":"error","message":"uncaughtException: multer is not defined\nReferenceError: multer is not defined\n    at Object.<anonymous> (E:\\learn-code\\backend-pos\\controllers\\product.js:128:16)\n    at Module._compile (node:internal/modules/cjs/loader:1369:14)\n    at Module._extensions..js (node:internal/modules/cjs/loader:1427:10)\n    at Module.load (node:internal/modules/cjs/loader:1206:32)\n    at Module._load (node:internal/modules/cjs/loader:1022:12)\n    at Module.require (node:internal/modules/cjs/loader:1231:19)\n    at require (node:internal/modules/helpers:179:18)\n    at Object.<anonymous> (E:\\learn-code\\backend-pos\\routes\\productRoute.js:12:5)\n    at Module._compile (node:internal/modules/cjs/loader:1369:14)\n    at Module._extensions..js (node:internal/modules/cjs/loader:1427:10)","os":{"loadavg":[0,0,0],"uptime":230001.625},"process":{"argv":["C:\\Program Files\\nodejs\\node.exe","E:\\learn-code\\backend-pos\\server.js"],"cwd":"E:\\learn-code\\backend-pos","execPath":"C:\\Program Files\\nodejs\\node.exe","gid":null,"memoryUsage":{"arrayBuffers":18262463,"external":20949753,"heapTotal":34738176,"heapUsed":24058152,"rss":67657728},"pid":25628,"uid":null,"version":"v20.12.2"},"stack":"ReferenceError: multer is not defined\n    at Object.<anonymous> (E:\\learn-code\\backend-pos\\controllers\\product.js:128:16)\n    at Module._compile (node:internal/modules/cjs/loader:1369:14)\n    at Module._extensions..js (node:internal/modules/cjs/loader:1427:10)\n    at Module.load (node:internal/modules/cjs/loader:1206:32)\n    at Module._load (node:internal/modules/cjs/loader:1022:12)\n    at Module.require (node:internal/modules/cjs/loader:1231:19)\n    at require (node:internal/modules/helpers:179:18)\n    at Object.<anonymous> (E:\\learn-code\\backend-pos\\routes\\productRoute.js:12:5)\n    at Module._compile (node:internal/modules/cjs/loader:1369:14)\n    at Module._extensions..js (node:internal/modules/cjs/loader:1427:10)","trace":[{"column":16,"file":"E:\\learn-code\\backend-pos\\controllers\\product.js","function":null,"line":128,"method":null,"native":false},{"column":14,"file":"node:internal/modules/cjs/loader","function":"Module._compile","line":1369,"method":"_compile","native":false},{"column":10,"file":"node:internal/modules/cjs/loader","function":"Module._extensions..js","line":1427,"method":".js","native":false},{"column":32,"file":"node:internal/modules/cjs/loader","function":"Module.load","line":1206,"method":"load","native":false},{"column":12,"file":"node:internal/modules/cjs/loader","function":"Module._load","line":1022,"method":"_load","native":false},{"column":19,"file":"node:internal/modules/cjs/loader","function":"Module.require","line":1231,"method":"require","native":false},{"column":18,"file":"node:internal/modules/helpers","function":"require","line":179,"method":null,"native":false},{"column":5,"file":"E:\\learn-code\\backend-pos\\routes\\productRoute.js","function":null,"line":12,"method":null,"native":false},{"column":14,"file":"node:internal/modules/cjs/loader","function":"Module._compile","line":1369,"method":"_compile","native":false},{"column":10,"file":"node:internal/modules/cjs/loader","function":"Module._extensions..js","line":1427,"method":".js","native":false}]}
{"date":"Fri Apr 25 2025 02:13:42 GMT+0700 (Indochina Time)","error":{},"exception":true,"level":"error","message":"uncaughtException: multer is not defined\nReferenceError: multer is not defined\n    at Object.<anonymous> (E:\\learn-code\\backend-pos\\controllers\\product.js:128:16)\n    at Module._compile (node:internal/modules/cjs/loader:1369:14)\n    at Module._extensions..js (node:internal/modules/cjs/loader:1427:10)\n    at Module.load (node:internal/modules/cjs/loader:1206:32)\n    at Module._load (node:internal/modules/cjs/loader:1022:12)\n    at Module.require (node:internal/modules/cjs/loader:1231:19)\n    at require (node:internal/modules/helpers:179:18)\n    at Object.<anonymous> (E:\\learn-code\\backend-pos\\routes\\productRoute.js:12:5)\n    at Module._compile (node:internal/modules/cjs/loader:1369:14)\n    at Module._extensions..js (node:internal/modules/cjs/loader:1427:10)","os":{"loadavg":[0,0,0],"uptime":230071.687},"process":{"argv":["C:\\Program Files\\nodejs\\node.exe","E:\\learn-code\\backend-pos\\server.js"],"cwd":"E:\\learn-code\\backend-pos","execPath":"C:\\Program Files\\nodejs\\node.exe","gid":null,"memoryUsage":{"arrayBuffers":18262463,"external":20949753,"heapTotal":34738176,"heapUsed":24110808,"rss":67620864},"pid":3360,"uid":null,"version":"v20.12.2"},"stack":"ReferenceError: multer is not defined\n    at Object.<anonymous> (E:\\learn-code\\backend-pos\\controllers\\product.js:128:16)\n    at Module._compile (node:internal/modules/cjs/loader:1369:14)\n    at Module._extensions..js (node:internal/modules/cjs/loader:1427:10)\n    at Module.load (node:internal/modules/cjs/loader:1206:32)\n    at Module._load (node:internal/modules/cjs/loader:1022:12)\n    at Module.require (node:internal/modules/cjs/loader:1231:19)\n    at require (node:internal/modules/helpers:179:18)\n    at Object.<anonymous> (E:\\learn-code\\backend-pos\\routes\\productRoute.js:12:5)\n    at Module._compile (node:internal/modules/cjs/loader:1369:14)\n    at Module._extensions..js (node:internal/modules/cjs/loader:1427:10)","trace":[{"column":16,"file":"E:\\learn-code\\backend-pos\\controllers\\product.js","function":null,"line":128,"method":null,"native":false},{"column":14,"file":"node:internal/modules/cjs/loader","function":"Module._compile","line":1369,"method":"_compile","native":false},{"column":10,"file":"node:internal/modules/cjs/loader","function":"Module._extensions..js","line":1427,"method":".js","native":false},{"column":32,"file":"node:internal/modules/cjs/loader","function":"Module.load","line":1206,"method":"load","native":false},{"column":12,"file":"node:internal/modules/cjs/loader","function":"Module._load","line":1022,"method":"_load","native":false},{"column":19,"file":"node:internal/modules/cjs/loader","function":"Module.require","line":1231,"method":"require","native":false},{"column":18,"file":"node:internal/modules/helpers","function":"require","line":179,"method":null,"native":false},{"column":5,"file":"E:\\learn-code\\backend-pos\\routes\\productRoute.js","function":null,"line":12,"method":null,"native":false},{"column":14,"file":"node:internal/modules/cjs/loader","function":"Module._compile","line":1369,"method":"_compile","native":false},{"column":10,"file":"node:internal/modules/cjs/loader","function":"Module._extensions..js","line":1427,"method":".js","native":false}]}
{"date":"Fri Apr 25 2025 02:18:22 GMT+0700 (Indochina Time)","error":{},"exception":true,"level":"error","message":"uncaughtException: multer is not defined\nReferenceError: multer is not defined\n    at Object.<anonymous> (E:\\learn-code\\backend-pos\\controllers\\product.js:128:16)\n    at Module._compile (node:internal/modules/cjs/loader:1369:14)\n    at Module._extensions..js (node:internal/modules/cjs/loader:1427:10)\n    at Module.load (node:internal/modules/cjs/loader:1206:32)\n    at Module._load (node:internal/modules/cjs/loader:1022:12)\n    at Module.require (node:internal/modules/cjs/loader:1231:19)\n    at require (node:internal/modules/helpers:179:18)\n    at Object.<anonymous> (E:\\learn-code\\backend-pos\\routes\\productRoute.js:12:5)\n    at Module._compile (node:internal/modules/cjs/loader:1369:14)\n    at Module._extensions..js (node:internal/modules/cjs/loader:1427:10)","os":{"loadavg":[0,0,0],"uptime":230352.515},"process":{"argv":["C:\\Program Files\\nodejs\\node.exe","E:\\learn-code\\backend-pos\\server.js"],"cwd":"E:\\learn-code\\backend-pos","execPath":"C:\\Program Files\\nodejs\\node.exe","gid":null,"memoryUsage":{"arrayBuffers":18262463,"external":20949753,"heapTotal":35000320,"heapUsed":24228032,"rss":67481600},"pid":23612,"uid":null,"version":"v20.12.2"},"stack":"ReferenceError: multer is not defined\n    at Object.<anonymous> (E:\\learn-code\\backend-pos\\controllers\\product.js:128:16)\n    at Module._compile (node:internal/modules/cjs/loader:1369:14)\n    at Module._extensions..js (node:internal/modules/cjs/loader:1427:10)\n    at Module.load (node:internal/modules/cjs/loader:1206:32)\n    at Module._load (node:internal/modules/cjs/loader:1022:12)\n    at Module.require (node:internal/modules/cjs/loader:1231:19)\n    at require (node:internal/modules/helpers:179:18)\n    at Object.<anonymous> (E:\\learn-code\\backend-pos\\routes\\productRoute.js:12:5)\n    at Module._compile (node:internal/modules/cjs/loader:1369:14)\n    at Module._extensions..js (node:internal/modules/cjs/loader:1427:10)","trace":[{"column":16,"file":"E:\\learn-code\\backend-pos\\controllers\\product.js","function":null,"line":128,"method":null,"native":false},{"column":14,"file":"node:internal/modules/cjs/loader","function":"Module._compile","line":1369,"method":"_compile","native":false},{"column":10,"file":"node:internal/modules/cjs/loader","function":"Module._extensions..js","line":1427,"method":".js","native":false},{"column":32,"file":"node:internal/modules/cjs/loader","function":"Module.load","line":1206,"method":"load","native":false},{"column":12,"file":"node:internal/modules/cjs/loader","function":"Module._load","line":1022,"method":"_load","native":false},{"column":19,"file":"node:internal/modules/cjs/loader","function":"Module.require","line":1231,"method":"require","native":false},{"column":18,"file":"node:internal/modules/helpers","function":"require","line":179,"method":null,"native":false},{"column":5,"file":"E:\\learn-code\\backend-pos\\routes\\productRoute.js","function":null,"line":12,"method":null,"native":false},{"column":14,"file":"node:internal/modules/cjs/loader","function":"Module._compile","line":1369,"method":"_compile","native":false},{"column":10,"file":"node:internal/modules/cjs/loader","function":"Module._extensions..js","line":1427,"method":".js","native":false}]}
{"date":"Fri Apr 25 2025 02:18:32 GMT+0700 (Indochina Time)","error":{},"exception":true,"level":"error","message":"uncaughtException: argument handler must be a function\nTypeError: argument handler must be a function\n    at Route.<computed> [as get] (E:\\learn-code\\backend-pos\\node_modules\\router\\lib\\route.js:228:15)\n    at Object.<anonymous> (E:\\learn-code\\backend-pos\\routes\\customerRoute.js:24:4)\n    at Module._compile (node:internal/modules/cjs/loader:1369:14)\n    at Module._extensions..js (node:internal/modules/cjs/loader:1427:10)\n    at Module.load (node:internal/modules/cjs/loader:1206:32)\n    at Module._load (node:internal/modules/cjs/loader:1022:12)\n    at Module.require (node:internal/modules/cjs/loader:1231:19)\n    at require (node:internal/modules/helpers:179:18)\n    at Object.<anonymous> (E:\\learn-code\\backend-pos\\server.js:18:19)\n    at Module._compile (node:internal/modules/cjs/loader:1369:14)","os":{"loadavg":[0,0,0],"uptime":230362.578},"process":{"argv":["C:\\Program Files\\nodejs\\node.exe","E:\\learn-code\\backend-pos\\server.js"],"cwd":"E:\\learn-code\\backend-pos","execPath":"C:\\Program Files\\nodejs\\node.exe","gid":null,"memoryUsage":{"arrayBuffers":18262463,"external":20523761,"heapTotal":36573184,"heapUsed":22092216,"rss":70356992},"pid":18384,"uid":null,"version":"v20.12.2"},"stack":"TypeError: argument handler must be a function\n    at Route.<computed> [as get] (E:\\learn-code\\backend-pos\\node_modules\\router\\lib\\route.js:228:15)\n    at Object.<anonymous> (E:\\learn-code\\backend-pos\\routes\\customerRoute.js:24:4)\n    at Module._compile (node:internal/modules/cjs/loader:1369:14)\n    at Module._extensions..js (node:internal/modules/cjs/loader:1427:10)\n    at Module.load (node:internal/modules/cjs/loader:1206:32)\n    at Module._load (node:internal/modules/cjs/loader:1022:12)\n    at Module.require (node:internal/modules/cjs/loader:1231:19)\n    at require (node:internal/modules/helpers:179:18)\n    at Object.<anonymous> (E:\\learn-code\\backend-pos\\server.js:18:19)\n    at Module._compile (node:internal/modules/cjs/loader:1369:14)","trace":[{"column":15,"file":"E:\\learn-code\\backend-pos\\node_modules\\router\\lib\\route.js","function":"Route.<computed> [as get]","line":228,"method":"<computed> [as get]","native":false},{"column":4,"file":"E:\\learn-code\\backend-pos\\routes\\customerRoute.js","function":null,"line":24,"method":null,"native":false},{"column":14,"file":"node:internal/modules/cjs/loader","function":"Module._compile","line":1369,"method":"_compile","native":false},{"column":10,"file":"node:internal/modules/cjs/loader","function":"Module._extensions..js","line":1427,"method":".js","native":false},{"column":32,"file":"node:internal/modules/cjs/loader","function":"Module.load","line":1206,"method":"load","native":false},{"column":12,"file":"node:internal/modules/cjs/loader","function":"Module._load","line":1022,"method":"_load","native":false},{"column":19,"file":"node:internal/modules/cjs/loader","function":"Module.require","line":1231,"method":"require","native":false},{"column":18,"file":"node:internal/modules/helpers","function":"require","line":179,"method":null,"native":false},{"column":19,"file":"E:\\learn-code\\backend-pos\\server.js","function":null,"line":18,"method":null,"native":false},{"column":14,"file":"node:internal/modules/cjs/loader","function":"Module._compile","line":1369,"method":"_compile","native":false}]}
{"date":"Fri Apr 25 2025 02:21:08 GMT+0700 (Indochina Time)","error":{},"exception":true,"level":"error","message":"uncaughtException: argument handler must be a function\nTypeError: argument handler must be a function\n    at Route.<computed> [as get] (E:\\learn-code\\backend-pos\\node_modules\\router\\lib\\route.js:228:15)\n    at Object.<anonymous> (E:\\learn-code\\backend-pos\\routes\\customerRoute.js:24:4)\n    at Module._compile (node:internal/modules/cjs/loader:1369:14)\n    at Module._extensions..js (node:internal/modules/cjs/loader:1427:10)\n    at Module.load (node:internal/modules/cjs/loader:1206:32)\n    at Module._load (node:internal/modules/cjs/loader:1022:12)\n    at Module.require (node:internal/modules/cjs/loader:1231:19)\n    at require (node:internal/modules/helpers:179:18)\n    at Object.<anonymous> (E:\\learn-code\\backend-pos\\server.js:18:19)\n    at Module._compile (node:internal/modules/cjs/loader:1369:14)","os":{"loadavg":[0,0,0],"uptime":230518.156},"process":{"argv":["C:\\Program Files\\nodejs\\node.exe","E:\\learn-code\\backend-pos\\server.js"],"cwd":"E:\\learn-code\\backend-pos","execPath":"C:\\Program Files\\nodejs\\node.exe","gid":null,"memoryUsage":{"arrayBuffers":18262463,"external":20523761,"heapTotal":36573184,"heapUsed":22177432,"rss":70582272},"pid":19076,"uid":null,"version":"v20.12.2"},"stack":"TypeError: argument handler must be a function\n    at Route.<computed> [as get] (E:\\learn-code\\backend-pos\\node_modules\\router\\lib\\route.js:228:15)\n    at Object.<anonymous> (E:\\learn-code\\backend-pos\\routes\\customerRoute.js:24:4)\n    at Module._compile (node:internal/modules/cjs/loader:1369:14)\n    at Module._extensions..js (node:internal/modules/cjs/loader:1427:10)\n    at Module.load (node:internal/modules/cjs/loader:1206:32)\n    at Module._load (node:internal/modules/cjs/loader:1022:12)\n    at Module.require (node:internal/modules/cjs/loader:1231:19)\n    at require (node:internal/modules/helpers:179:18)\n    at Object.<anonymous> (E:\\learn-code\\backend-pos\\server.js:18:19)\n    at Module._compile (node:internal/modules/cjs/loader:1369:14)","trace":[{"column":15,"file":"E:\\learn-code\\backend-pos\\node_modules\\router\\lib\\route.js","function":"Route.<computed> [as get]","line":228,"method":"<computed> [as get]","native":false},{"column":4,"file":"E:\\learn-code\\backend-pos\\routes\\customerRoute.js","function":null,"line":24,"method":null,"native":false},{"column":14,"file":"node:internal/modules/cjs/loader","function":"Module._compile","line":1369,"method":"_compile","native":false},{"column":10,"file":"node:internal/modules/cjs/loader","function":"Module._extensions..js","line":1427,"method":".js","native":false},{"column":32,"file":"node:internal/modules/cjs/loader","function":"Module.load","line":1206,"method":"load","native":false},{"column":12,"file":"node:internal/modules/cjs/loader","function":"Module._load","line":1022,"method":"_load","native":false},{"column":19,"file":"node:internal/modules/cjs/loader","function":"Module.require","line":1231,"method":"require","native":false},{"column":18,"file":"node:internal/modules/helpers","function":"require","line":179,"method":null,"native":false},{"column":19,"file":"E:\\learn-code\\backend-pos\\server.js","function":null,"line":18,"method":null,"native":false},{"column":14,"file":"node:internal/modules/cjs/loader","function":"Module._compile","line":1369,"method":"_compile","native":false}]}
{"date":"Fri Apr 25 2025 02:34:46 GMT+0700 (Indochina Time)","error":{},"exception":true,"level":"error","message":"uncaughtException: argument handler must be a function\nTypeError: argument handler must be a function\n    at Route.<computed> [as get] (E:\\learn-code\\backend-pos\\node_modules\\router\\lib\\route.js:228:15)\n    at Object.<anonymous> (E:\\learn-code\\backend-pos\\routes\\customerRoute.js:24:4)\n    at Module._compile (node:internal/modules/cjs/loader:1369:14)\n    at Module._extensions..js (node:internal/modules/cjs/loader:1427:10)\n    at Module.load (node:internal/modules/cjs/loader:1206:32)\n    at Module._load (node:internal/modules/cjs/loader:1022:12)\n    at Module.require (node:internal/modules/cjs/loader:1231:19)\n    at require (node:internal/modules/helpers:179:18)\n    at Object.<anonymous> (E:\\learn-code\\backend-pos\\server.js:18:19)\n    at Module._compile (node:internal/modules/cjs/loader:1369:14)","os":{"loadavg":[0,0,0],"uptime":231336.5},"process":{"argv":["C:\\Program Files\\nodejs\\node.exe","E:\\learn-code\\backend-pos\\server.js"],"cwd":"E:\\learn-code\\backend-pos","execPath":"C:\\Program Files\\nodejs\\node.exe","gid":null,"memoryUsage":{"arrayBuffers":18262463,"external":20523761,"heapTotal":36573184,"heapUsed":22307952,"rss":70131712},"pid":26280,"uid":null,"version":"v20.12.2"},"stack":"TypeError: argument handler must be a function\n    at Route.<computed> [as get] (E:\\learn-code\\backend-pos\\node_modules\\router\\lib\\route.js:228:15)\n    at Object.<anonymous> (E:\\learn-code\\backend-pos\\routes\\customerRoute.js:24:4)\n    at Module._compile (node:internal/modules/cjs/loader:1369:14)\n    at Module._extensions..js (node:internal/modules/cjs/loader:1427:10)\n    at Module.load (node:internal/modules/cjs/loader:1206:32)\n    at Module._load (node:internal/modules/cjs/loader:1022:12)\n    at Module.require (node:internal/modules/cjs/loader:1231:19)\n    at require (node:internal/modules/helpers:179:18)\n    at Object.<anonymous> (E:\\learn-code\\backend-pos\\server.js:18:19)\n    at Module._compile (node:internal/modules/cjs/loader:1369:14)","trace":[{"column":15,"file":"E:\\learn-code\\backend-pos\\node_modules\\router\\lib\\route.js","function":"Route.<computed> [as get]","line":228,"method":"<computed> [as get]","native":false},{"column":4,"file":"E:\\learn-code\\backend-pos\\routes\\customerRoute.js","function":null,"line":24,"method":null,"native":false},{"column":14,"file":"node:internal/modules/cjs/loader","function":"Module._compile","line":1369,"method":"_compile","native":false},{"column":10,"file":"node:internal/modules/cjs/loader","function":"Module._extensions..js","line":1427,"method":".js","native":false},{"column":32,"file":"node:internal/modules/cjs/loader","function":"Module.load","line":1206,"method":"load","native":false},{"column":12,"file":"node:internal/modules/cjs/loader","function":"Module._load","line":1022,"method":"_load","native":false},{"column":19,"file":"node:internal/modules/cjs/loader","function":"Module.require","line":1231,"method":"require","native":false},{"column":18,"file":"node:internal/modules/helpers","function":"require","line":179,"method":null,"native":false},{"column":19,"file":"E:\\learn-code\\backend-pos\\server.js","function":null,"line":18,"method":null,"native":false},{"column":14,"file":"node:internal/modules/cjs/loader","function":"Module._compile","line":1369,"method":"_compile","native":false}]}
{"date":"Fri Apr 25 2025 02:36:30 GMT+0700 (Indochina Time)","error":{},"exception":true,"level":"error","message":"uncaughtException: argument handler must be a function\nTypeError: argument handler must be a function\n    at Route.<computed> [as get] (E:\\learn-code\\backend-pos\\node_modules\\router\\lib\\route.js:228:15)\n    at Object.<anonymous> (E:\\learn-code\\backend-pos\\routes\\customerRoute.js:24:4)\n    at Module._compile (node:internal/modules/cjs/loader:1369:14)\n    at Module._extensions..js (node:internal/modules/cjs/loader:1427:10)\n    at Module.load (node:internal/modules/cjs/loader:1206:32)\n    at Module._load (node:internal/modules/cjs/loader:1022:12)\n    at Module.require (node:internal/modules/cjs/loader:1231:19)\n    at require (node:internal/modules/helpers:179:18)\n    at Object.<anonymous> (E:\\learn-code\\backend-pos\\server.js:18:19)\n    at Module._compile (node:internal/modules/cjs/loader:1369:14)","os":{"loadavg":[0,0,0],"uptime":231439.734},"process":{"argv":["C:\\Program Files\\nodejs\\node.exe","E:\\learn-code\\backend-pos\\server.js"],"cwd":"E:\\learn-code\\backend-pos","execPath":"C:\\Program Files\\nodejs\\node.exe","gid":null,"memoryUsage":{"arrayBuffers":18262463,"external":20523761,"heapTotal":36835328,"heapUsed":21995624,"rss":70402048},"pid":24052,"uid":null,"version":"v20.12.2"},"stack":"TypeError: argument handler must be a function\n    at Route.<computed> [as get] (E:\\learn-code\\backend-pos\\node_modules\\router\\lib\\route.js:228:15)\n    at Object.<anonymous> (E:\\learn-code\\backend-pos\\routes\\customerRoute.js:24:4)\n    at Module._compile (node:internal/modules/cjs/loader:1369:14)\n    at Module._extensions..js (node:internal/modules/cjs/loader:1427:10)\n    at Module.load (node:internal/modules/cjs/loader:1206:32)\n    at Module._load (node:internal/modules/cjs/loader:1022:12)\n    at Module.require (node:internal/modules/cjs/loader:1231:19)\n    at require (node:internal/modules/helpers:179:18)\n    at Object.<anonymous> (E:\\learn-code\\backend-pos\\server.js:18:19)\n    at Module._compile (node:internal/modules/cjs/loader:1369:14)","trace":[{"column":15,"file":"E:\\learn-code\\backend-pos\\node_modules\\router\\lib\\route.js","function":"Route.<computed> [as get]","line":228,"method":"<computed> [as get]","native":false},{"column":4,"file":"E:\\learn-code\\backend-pos\\routes\\customerRoute.js","function":null,"line":24,"method":null,"native":false},{"column":14,"file":"node:internal/modules/cjs/loader","function":"Module._compile","line":1369,"method":"_compile","native":false},{"column":10,"file":"node:internal/modules/cjs/loader","function":"Module._extensions..js","line":1427,"method":".js","native":false},{"column":32,"file":"node:internal/modules/cjs/loader","function":"Module.load","line":1206,"method":"load","native":false},{"column":12,"file":"node:internal/modules/cjs/loader","function":"Module._load","line":1022,"method":"_load","native":false},{"column":19,"file":"node:internal/modules/cjs/loader","function":"Module.require","line":1231,"method":"require","native":false},{"column":18,"file":"node:internal/modules/helpers","function":"require","line":179,"method":null,"native":false},{"column":19,"file":"E:\\learn-code\\backend-pos\\server.js","function":null,"line":18,"method":null,"native":false},{"column":14,"file":"node:internal/modules/cjs/loader","function":"Module._compile","line":1369,"method":"_compile","native":false}]}
